==== Bot gestartet am Sa 10. Mai 08:00:42 CEST 2025 ====
Python-Umgebung aktiviert
Warte auf Ollama-Server...
Ollama-Server bereit nach 1 Sekunden
Installiere erforderliche Python-Pakete...
Requirement already satisfied: irc in /home/zombie/client/lib/python3.12/site-packages (20.5.0)
Requirement already satisfied: requests in /home/zombie/client/lib/python3.12/site-packages (2.32.3)
Requirement already satisfied: jaraco.collections in /home/zombie/client/lib/python3.12/site-packages (from irc) (5.1.0)
Requirement already satisfied: jaraco.text>=3.14 in /home/zombie/client/lib/python3.12/site-packages (from irc) (4.0.0)
Requirement already satisfied: jaraco.logging in /home/zombie/client/lib/python3.12/site-packages (from irc) (3.3.0)
Requirement already satisfied: jaraco.functools>=1.20 in /home/zombie/client/lib/python3.12/site-packages (from irc) (4.1.0)
Requirement already satisfied: jaraco.stream in /home/zombie/client/lib/python3.12/site-packages (from irc) (3.0.4)
Requirement already satisfied: pytz in /home/zombie/client/lib/python3.12/site-packages (from irc) (2025.2)
Requirement already satisfied: more-itertools in /home/zombie/client/lib/python3.12/site-packages (from irc) (10.7.0)
Requirement already satisfied: tempora>=1.6 in /home/zombie/client/lib/python3.12/site-packages (from irc) (5.8.0)
Requirement already satisfied: charset-normalizer<4,>=2 in /home/zombie/client/lib/python3.12/site-packages (from requests) (3.4.2)
Requirement already satisfied: idna<4,>=2.5 in /home/zombie/client/lib/python3.12/site-packages (from requests) (3.10)
Requirement already satisfied: urllib3<3,>=1.21.1 in /home/zombie/client/lib/python3.12/site-packages (from requests) (2.4.0)
Requirement already satisfied: certifi>=2017.4.17 in /home/zombie/client/lib/python3.12/site-packages (from requests) (2025.4.26)
Requirement already satisfied: jaraco.context>=4.1 in /home/zombie/client/lib/python3.12/site-packages (from jaraco.text>=3.14->irc) (6.0.1)
Requirement already satisfied: autocommand in /home/zombie/client/lib/python3.12/site-packages (from jaraco.text>=3.14->irc) (2.2.2)
Requirement already satisfied: python-dateutil in /home/zombie/client/lib/python3.12/site-packages (from tempora>=1.6->irc) (2.9.0.post0)
Requirement already satisfied: six>=1.5 in /home/zombie/client/lib/python3.12/site-packages (from python-dateutil->tempora>=1.6->irc) (1.17.0)
Starte Zephyr-Bot...
[2025-05-10 08:00:43] Starting Zephyr Twitch Bot
Bot gestartet mit PID 34247
[2025-05-10 08:01:13] ERROR: Ollama API Fehler: HTTPConnectionPool(host='localhost', port=11434): Read timed out. (read timeout=30)
[2025-05-10 08:01:13] Exception: HTTPConnectionPool(host='localhost', port=11434): Read timed out. (read timeout=30)
[2025-05-10 08:01:13] Traceback (most recent call last):
  File "/home/zombie/client/lib/python3.12/site-packages/urllib3/connectionpool.py", line 534, in _make_request
    response = conn.getresponse()
               ^^^^^^^^^^^^^^^^^^
  File "/home/zombie/client/lib/python3.12/site-packages/urllib3/connection.py", line 516, in getresponse
    httplib_response = super().getresponse()
                       ^^^^^^^^^^^^^^^^^^^^^
  File "/usr/lib/python3.12/http/client.py", line 1428, in getresponse
    response.begin()
  File "/usr/lib/python3.12/http/client.py", line 331, in begin
    version, status, reason = self._read_status()
                              ^^^^^^^^^^^^^^^^^^^
  File "/usr/lib/python3.12/http/client.py", line 292, in _read_status
    line = str(self.fp.readline(_MAXLINE + 1), "iso-8859-1")
               ^^^^^^^^^^^^^^^^^^^^^^^^^^^^^^
  File "/usr/lib/python3.12/socket.py", line 707, in readinto
    return self._sock.recv_into(b)
           ^^^^^^^^^^^^^^^^^^^^^^^
TimeoutError: timed out

The above exception was the direct cause of the following exception:

Traceback (most recent call last):
  File "/home/zombie/client/lib/python3.12/site-packages/requests/adapters.py", line 667, in send
    resp = conn.urlopen(
           ^^^^^^^^^^^^^
  File "/home/zombie/client/lib/python3.12/site-packages/urllib3/connectionpool.py", line 841, in urlopen
    retries = retries.increment(
              ^^^^^^^^^^^^^^^^^^
  File "/home/zombie/client/lib/python3.12/site-packages/urllib3/util/retry.py", line 474, in increment
    raise reraise(type(error), error, _stacktrace)
          ^^^^^^^^^^^^^^^^^^^^^^^^^^^^^^^^^^^^^^^^
  File "/home/zombie/client/lib/python3.12/site-packages/urllib3/util/util.py", line 39, in reraise
    raise value
  File "/home/zombie/client/lib/python3.12/site-packages/urllib3/connectionpool.py", line 787, in urlopen
    response = self._make_request(
               ^^^^^^^^^^^^^^^^^^^
  File "/home/zombie/client/lib/python3.12/site-packages/urllib3/connectionpool.py", line 536, in _make_request
    self._raise_timeout(err=e, url=url, timeout_value=read_timeout)
  File "/home/zombie/client/lib/python3.12/site-packages/urllib3/connectionpool.py", line 367, in _raise_timeout
    raise ReadTimeoutError(
urllib3.exceptions.ReadTimeoutError: HTTPConnectionPool(host='localhost', port=11434): Read timed out. (read timeout=30)

During handling of the above exception, another exception occurred:

Traceback (most recent call last):
  File "/home/zombie/zephyr/zephyr-entertainment.py", line 42, in get_response
    response = requests.post(
               ^^^^^^^^^^^^^^
  File "/home/zombie/client/lib/python3.12/site-packages/requests/api.py", line 115, in post
    return request("post", url, data=data, json=json, **kwargs)
           ^^^^^^^^^^^^^^^^^^^^^^^^^^^^^^^^^^^^^^^^^^^^^^^^^^^^
  File "/home/zombie/client/lib/python3.12/site-packages/requests/api.py", line 59, in request
    return session.request(method=method, url=url, **kwargs)
           ^^^^^^^^^^^^^^^^^^^^^^^^^^^^^^^^^^^^^^^^^^^^^^^^^
  File "/home/zombie/client/lib/python3.12/site-packages/requests/sessions.py", line 589, in request
    resp = self.send(prep, **send_kwargs)
           ^^^^^^^^^^^^^^^^^^^^^^^^^^^^^^
  File "/home/zombie/client/lib/python3.12/site-packages/requests/sessions.py", line 703, in send
    r = adapter.send(request, **kwargs)
        ^^^^^^^^^^^^^^^^^^^^^^^^^^^^^^^
  File "/home/zombie/client/lib/python3.12/site-packages/requests/adapters.py", line 713, in send
    raise ReadTimeout(e, request=request)
requests.exceptions.ReadTimeout: HTTPConnectionPool(host='localhost', port=11434): Read timed out. (read timeout=30)

[2025-05-10 08:01:13] ERROR: Ollama test failed. Is Ollama running?
[2025-05-10 08:01:13] Connecting to Twitch IRC as derleiti...
[2025-05-10 08:01:13] ERROR: Connection setup error
[2025-05-10 08:01:13] Exception: Factory.__init__() got an unexpected keyword argument 'timeout'
[2025-05-10 08:01:13] Traceback (most recent call last):
  File "/home/zombie/zephyr/zephyr-entertainment.py", line 95, in setup_connection
    connect_factory=irc.connection.Factory(timeout=IRC_TIMEOUT)
                    ^^^^^^^^^^^^^^^^^^^^^^^^^^^^^^^^^^^^^^^^^^^
TypeError: Factory.__init__() got an unexpected keyword argument 'timeout'

[2025-05-10 08:01:13] ERROR: Initial connection failed, scheduling reconnect
[2025-05-10 08:01:13] Reconnect attempt 1/10
[2025-05-10 08:13:37] PID-Datei erstellt: 38999
[2025-05-10 08:13:37] Starting Zephyr Twitch Bot
[2025-05-10 08:13:37] Ollama API Version: {'version': '0.6.8'}
[2025-05-10 08:13:37] Sende an Ollama: Sage 'Der Bot funktioniert!'...
[2025-05-10 08:13:51] Antwort von Ollama erhalten: Das bedeutet, dass der Chatbot erfolgreich funktio...
[2025-05-10 08:13:51] Test response: Das bedeutet, dass der Chatbot erfolgreich funktioniert. Die Antwort "Der Bot funktioniert!" liegt darin, dass die Programmierung des Chatbots erfolgr...
[2025-05-10 08:13:51] Spielstand geladen: {'spiel': 'Unbekannt', 'ort': 'Unbekannt', 'tode': 0, 'level': 1, 'spielzeit': '00:00:00'}
[2025-05-10 08:13:51] Connecting to Twitch IRC as derleiti...
[2025-05-10 08:13:51] IRC connection initialized
[2025-05-10 08:13:51] Automatic joke thread started - Interval: 180 seconds
[2025-05-10 08:13:51] Automatic comment thread started - Interval: 240 seconds
[2025-05-10 08:13:51] Connection watchdog started
[2025-05-10 08:13:51] Bot main loop started
[2025-05-10 08:13:51] Not connected - Attempting reconnect (1/10)...
[2025-05-10 08:14:15] Bot shutdown requested by user
[2025-05-10 08:19:40] PID-Datei erstellt: 40134
[2025-05-10 08:19:40] Twitch Chat Bot wird gestartet...
[2025-05-10 08:19:40] Ollama API Version: {'version': '0.6.8'}
[2025-05-10 08:19:40] Sende an Ollama: Sage 'Der Bot funktioniert!'...
[2025-05-10 08:19:51] Antwort von Ollama erhalten: Dieser Satz (Deutsch: "Der Bot funktioniert!") kan...
[2025-05-10 08:19:51] Test-Antwort: Dieser Satz (Deutsch: "Der Bot funktioniert!") kann in der folgenden √úbersetzung ins Englische ausgegeben werden: "The bot works!" (Englisch) oder alt...
[2025-05-10 08:19:51] Spielstand geladen: {'spiel': 'Unbekannt', 'ort': 'Unbekannt', 'tode': 0, 'level': 1, 'spielzeit': '00:00:00'}
[2025-05-10 08:19:51] Verbinde mit irc.chat.twitch.tv:6667...
[2025-05-10 08:19:52] Empfangen: :tmi.twitch.tv 001 derleiti :Welcome, GLHF!
:tmi.twitch.tv 002 derleiti :Your host is tmi.twitch.tv
:tmi.twitch.tv 003 derleiti :This server is rather new
:tmi.twitch.tv 004 derleiti :-
:tmi.twitch.tv 375 derleiti :-
:tmi.twitch.tv 372 derleiti :You are in a maze of twisty passages, all alike.
:tmi.twitch.tv 376 derleiti :>
[2025-05-10 08:19:52] Erfolgreich authentifiziert!
[2025-05-10 08:19:52] Kanal #derleiti beigetreten
[2025-05-10 08:19:53] Join-Antwort: :tmi.twitch.tv CAP * ACK :twitch.tv/membership
:tmi.twitch.tv CAP * ACK :twitch.tv/tags
:tmi.twitch.tv CAP * ACK :twitch.tv/commands
:derleiti!derleiti@derleiti.tmi.twitch.tv JOIN #derleiti
:derleiti.tmi.twitch.tv 353 derleiti = #derleiti :derleiti
:derleiti.tmi.twitch.tv 366 derleiti #derleiti :End of /NAMES list
@badge-info=subscriber/29;badges=broadcaster/1,subscriber/0,twitch-recap-2024/1;color=#000000;display-name=derleiti;emote-sets=0,19194,300374282,592920959;mod=0;subscriber=1;user-type= :tmi.twitch.tv USERSTATE #derleiti
@emote-only=0;followers-only=-1;r9k=0;room-id=35881927;slow=0;subs-only=0 :tmi.twitch.tv ROOMSTATE #derleiti
[2025-05-10 08:19:53] Nicht verbunden beim Senden der Nachricht
[2025-05-10 08:19:53] Nachrichtenempf√§nger gestartet
[2025-05-10 08:19:53] Automatischer Witz-Thread gestartet - Intervall: 180 Sekunden
[2025-05-10 08:19:53] Automatischer Kommentar-Thread gestartet - Intervall: 240 Sekunden
[2025-05-10 08:19:53] Verbindungs-Watchdog gestartet
[2025-05-10 08:19:53] Bot l√§uft jetzt...
[2025-05-10 08:19:53] PING gesendet
[2025-05-10 08:19:53] Empfangen: :tmi.twitch.tv PONG tmi.twitch.tv :tmi.twitch.tv
[2025-05-10 08:19:57] Empfangen: :streamlabs!streamlabs@streamlabs.tmi.twitch.tv JOIN #derleiti
[2025-05-10 08:19:57] Empfangen: :nightbot!nightbot@nightbot.tmi.twitch.tv JOIN #derleiti
[2025-05-10 08:19:57] Empfangen: :streamelements!streamelements@streamelements.tmi.twitch.tv JOIN #derleiti
[2025-05-10 08:20:03] Sende an Ollama: Erz√§hle einen kurzen, lustigen Witz....
[2025-05-10 08:20:13] Antwort von Ollama erhalten: Ein Mann ging in eine Konditorei und orderte ein D...
[2025-05-10 08:20:13] Nachricht gesendet: üé≠ Ein Mann ging in eine Konditorei und orderte ein...
[2025-05-10 08:20:13] Witz gesendet: Ein Mann ging in eine Konditorei und orderte ein D...
[2025-05-10 08:20:13] Empfangen: @badge-info=subscriber/29;badges=broadcaster/1,subscriber/0,twitch-recap-2024/1;color=#000000;display-name=derleiti;emote-sets=0,19194,300374282,592920959;id=5b6eb5d5-7717-4cb3-b573-c091030cb601;mod=0;subscriber=1;user-type= :tmi.twitch.tv USERSTATE #derleiti
[2025-05-10 08:20:23] Spielstand geladen: {'spiel': 'Unbekannt', 'ort': 'Unbekannt', 'tode': 0, 'level': 1, 'spielzeit': '00:00:00'}
[2025-05-10 08:20:42] Empfangen: @badge-info=subscriber/29;badges=broadcaster/1,subscriber/0,twitch-recap-2024/1;client-nonce=7bbf258aca82b961cbe98814a0a6aba3;color=#000000;display-name=derleiti;emotes=;first-msg=0;flags=;id=80c62e22-1dfa-4fe4-b0f4-395867ab2bd9;mod=0;returning-chatter=0;room-id=35881927;subscriber=1;tmi-sent-ts=1746858042387;turbo=0;user-id=35881927;user-type= :derleiti!derleiti@derleiti.tmi.twitch.tv PRIVMSG #derleiti :!witz
[2025-05-10 08:20:42] Nachricht: @badge-info=subscriber/29;badges=broadcaster/1,subscriber/0,twitch-recap-2024/1;client-nonce=7bbf258aca82b961cbe98814a0a6aba3;color=#000000;display-name=derleiti;emotes=;first-msg=0;flags=;id=80c62e22-1dfa-4fe4-b0f4-395867ab2bd9;mod=0;returning-chatter=0;room-id=35881927;subscriber=1;tmi-sent-ts=1746858042387;turbo=0;user-id=35881927;user-type= derleiti: !witz
[2025-05-10 08:20:42] Sende an Ollama: Erz√§hle einen kurzen, lustigen Witz....
[2025-05-10 08:20:42] Nachricht gesendet: Willkommen an Bord, @badge-info=subscriber/29;badg...
[2025-05-10 08:20:42] Neuer Zuschauer begr√º√üt: @badge-info=subscriber/29;badges=broadcaster/1,subscriber/0,twitch-recap-2024/1;client-nonce=7bbf258aca82b961cbe98814a0a6aba3;color=#000000;display-name=derleiti;emotes=;first-msg=0;flags=;id=80c62e22-1dfa-4fe4-b0f4-395867ab2bd9;mod=0;returning-chatter=0;room-id=35881927;subscriber=1;tmi-sent-ts=1746858042387;turbo=0;user-id=35881927;user-type= derleiti
[2025-05-10 08:20:42] Empfangen: @badge-info=subscriber/29;badges=broadcaster/1,subscriber/0,twitch-recap-2024/1;color=#000000;display-name=derleiti;emote-sets=0,19194,300374282,592920959;id=c71bc5e6-f1be-4635-be87-319688508cde;mod=0;subscriber=1;user-type= :tmi.twitch.tv USERSTATE #derleiti
[2025-05-10 08:20:50] Empfangen: @badge-info=;badges=moderator/1,partner/1;color=#7C7CE1;display-name=Nightbot;emotes=;first-msg=0;flags=;id=5ec1caa2-3f94-4b87-ac15-a89fc2a75161;mod=1;returning-chatter=0;room-id=35881927;subscriber=0;tmi-sent-ts=1746858050536;turbo=0;user-id=19264788;user-type=mod :nightbot!nightbot@nightbot.tmi.twitch.tv PRIVMSG #derleiti :https://linktr.ee/derleiti
[2025-05-10 08:20:50] Nachricht: @badge-info=;badges=moderator/1,partner/1;color=#7C7CE1;display-name=Nightbot;emotes=;first-msg=0;flags=;id=5ec1caa2-3f94-4b87-ac15-a89fc2a75161;mod=1;returning-chatter=0;room-id=35881927;subscriber=0;tmi-sent-ts=1746858050536;turbo=0;user-id=19264788;user-type=mod nightbot: https://linktr.ee/derleiti
[2025-05-10 08:21:02] ERROR: Ausnahme bei Ollama-Anfrage
[2025-05-10 08:21:02] Exception: HTTPConnectionPool(host='localhost', port=11434): Read timed out. (read timeout=20)
[2025-05-10 08:21:02] Traceback (most recent call last):
  File "/home/zombie/client/lib/python3.12/site-packages/urllib3/connectionpool.py", line 534, in _make_request
    response = conn.getresponse()
               ^^^^^^^^^^^^^^^^^^
  File "/home/zombie/client/lib/python3.12/site-packages/urllib3/connection.py", line 516, in getresponse
    httplib_response = super().getresponse()
                       ^^^^^^^^^^^^^^^^^^^^^
  File "/usr/lib/python3.12/http/client.py", line 1428, in getresponse
    response.begin()
  File "/usr/lib/python3.12/http/client.py", line 331, in begin
    version, status, reason = self._read_status()
                              ^^^^^^^^^^^^^^^^^^^
  File "/usr/lib/python3.12/http/client.py", line 292, in _read_status
    line = str(self.fp.readline(_MAXLINE + 1), "iso-8859-1")
               ^^^^^^^^^^^^^^^^^^^^^^^^^^^^^^
  File "/usr/lib/python3.12/socket.py", line 707, in readinto
    return self._sock.recv_into(b)
           ^^^^^^^^^^^^^^^^^^^^^^^
TimeoutError: timed out

The above exception was the direct cause of the following exception:

Traceback (most recent call last):
  File "/home/zombie/client/lib/python3.12/site-packages/requests/adapters.py", line 667, in send
    resp = conn.urlopen(
           ^^^^^^^^^^^^^
  File "/home/zombie/client/lib/python3.12/site-packages/urllib3/connectionpool.py", line 841, in urlopen
    retries = retries.increment(
              ^^^^^^^^^^^^^^^^^^
  File "/home/zombie/client/lib/python3.12/site-packages/urllib3/util/retry.py", line 474, in increment
    raise reraise(type(error), error, _stacktrace)
          ^^^^^^^^^^^^^^^^^^^^^^^^^^^^^^^^^^^^^^^^
  File "/home/zombie/client/lib/python3.12/site-packages/urllib3/util/util.py", line 39, in reraise
    raise value
  File "/home/zombie/client/lib/python3.12/site-packages/urllib3/connectionpool.py", line 787, in urlopen
    response = self._make_request(
               ^^^^^^^^^^^^^^^^^^^
  File "/home/zombie/client/lib/python3.12/site-packages/urllib3/connectionpool.py", line 536, in _make_request
    self._raise_timeout(err=e, url=url, timeout_value=read_timeout)
  File "/home/zombie/client/lib/python3.12/site-packages/urllib3/connectionpool.py", line 367, in _raise_timeout
    raise ReadTimeoutError(
urllib3.exceptions.ReadTimeoutError: HTTPConnectionPool(host='localhost', port=11434): Read timed out. (read timeout=20)

During handling of the above exception, another exception occurred:

Traceback (most recent call last):
  File "/home/zombie/zephyr/./zephyr-entertainment.py", line 177, in get_response_from_ollama
    response = requests.post(
               ^^^^^^^^^^^^^^
  File "/home/zombie/client/lib/python3.12/site-packages/requests/api.py", line 115, in post
    return request("post", url, data=data, json=json, **kwargs)
           ^^^^^^^^^^^^^^^^^^^^^^^^^^^^^^^^^^^^^^^^^^^^^^^^^^^^
  File "/home/zombie/client/lib/python3.12/site-packages/requests/api.py", line 59, in request
    return session.request(method=method, url=url, **kwargs)
           ^^^^^^^^^^^^^^^^^^^^^^^^^^^^^^^^^^^^^^^^^^^^^^^^^
  File "/home/zombie/client/lib/python3.12/site-packages/requests/sessions.py", line 589, in request
    resp = self.send(prep, **send_kwargs)
           ^^^^^^^^^^^^^^^^^^^^^^^^^^^^^^
  File "/home/zombie/client/lib/python3.12/site-packages/requests/sessions.py", line 703, in send
    r = adapter.send(request, **kwargs)
        ^^^^^^^^^^^^^^^^^^^^^^^^^^^^^^^
  File "/home/zombie/client/lib/python3.12/site-packages/requests/adapters.py", line 713, in send
    raise ReadTimeout(e, request=request)
requests.exceptions.ReadTimeout: HTTPConnectionPool(host='localhost', port=11434): Read timed out. (read timeout=20)

[2025-05-10 08:21:02] Nachricht gesendet: üé≠ Warum sollte man nie Poker mit einem Zauberer sp...
[2025-05-10 08:21:02] Fallback-Witz gesendet: Warum sollte man nie Poker mit einem Zauberer spie...
[2025-05-10 08:21:02] Empfangen: @badge-info=subscriber/29;badges=broadcaster/1,subscriber/0,twitch-recap-2024/1;color=#000000;display-name=derleiti;emote-sets=0,19194,300374282,592920959;id=01fd2b5d-46d9-4c0f-99ed-486eaca16632;mod=0;subscriber=1;user-type= :tmi.twitch.tv USERSTATE #derleiti
[2025-05-10 08:21:18] Empfangen: @badge-info=subscriber/29;badges=broadcaster/1,subscriber/0,twitch-recap-2024/1;client-nonce=7b14a7ffda78c459053f3a61ec847e5a;color=#000000;display-name=derleiti;emotes=;first-msg=0;flags=;id=0ac94aea-3f2e-4999-b9c2-75e573e25975;mod=0;returning-chatter=0;room-id=35881927;subscriber=1;tmi-sent-ts=1746858077868;turbo=0;user-id=35881927;user-type= :derleiti!derleiti@derleiti.tmi.twitch.tv PRIVMSG #derleiti :!witz
[2025-05-10 08:21:18] Nachricht: @badge-info=subscriber/29;badges=broadcaster/1,subscriber/0,twitch-recap-2024/1;client-nonce=7b14a7ffda78c459053f3a61ec847e5a;color=#000000;display-name=derleiti;emotes=;first-msg=0;flags=;id=0ac94aea-3f2e-4999-b9c2-75e573e25975;mod=0;returning-chatter=0;room-id=35881927;subscriber=1;tmi-sent-ts=1746858077868;turbo=0;user-id=35881927;user-type= derleiti: !witz
[2025-05-10 08:21:18] Sende an Ollama: Erz√§hle einen kurzen, lustigen Witz....
[2025-05-10 08:21:18] Nachricht gesendet: Hey @badge-info=subscriber/29;badges=broadcaster/1...
[2025-05-10 08:21:18] Neuer Zuschauer begr√º√üt: @badge-info=subscriber/29;badges=broadcaster/1,subscriber/0,twitch-recap-2024/1;client-nonce=7b14a7ffda78c459053f3a61ec847e5a;color=#000000;display-name=derleiti;emotes=;first-msg=0;flags=;id=0ac94aea-3f2e-4999-b9c2-75e573e25975;mod=0;returning-chatter=0;room-id=35881927;subscriber=1;tmi-sent-ts=1746858077868;turbo=0;user-id=35881927;user-type= derleiti
[2025-05-10 08:21:18] Empfangen: @badge-info=subscriber/29;badges=broadcaster/1,subscriber/0,twitch-recap-2024/1;color=#000000;display-name=derleiti;emote-sets=0,19194,300374282,592920959;id=a003e54a-1485-41fd-bb93-929f4cb1c9fc;mod=0;subscriber=1;user-type= :tmi.twitch.tv USERSTATE #derleiti
[2025-05-10 08:21:35] Antwort von Ollama erhalten: Ein Mann ging in eine Tankstelle und sah mit Verwu...
[2025-05-10 08:21:35] Nachricht gesendet: üé≠ Ein Mann ging in eine Tankstelle und sah mit Ver...
[2025-05-10 08:21:35] Witz gesendet: Ein Mann ging in eine Tankstelle und sah mit Verwu...
[2025-05-10 08:21:36] Empfangen: @badge-info=subscriber/29;badges=broadcaster/1,subscriber/0,twitch-recap-2024/1;color=#000000;display-name=derleiti;emote-sets=0,19194,300374282,592920959;id=96f1518e-c8aa-4683-a64a-01d99ee5af4d;mod=0;subscriber=1;user-type= :tmi.twitch.tv USERSTATE #derleiti
[2025-05-10 08:22:08] PING gesendet
[2025-05-10 08:22:08] Empfangen: :tmi.twitch.tv PONG tmi.twitch.tv :tmi.twitch.tv
[2025-05-10 08:22:43] PING gesendet
[2025-05-10 08:22:43] Empfangen: :tmi.twitch.tv PONG tmi.twitch.tv :tmi.twitch.tv
[2025-05-10 08:23:13] Sende an Ollama: Erz√§hle einen kurzen, lustigen Witz....
[2025-05-10 08:23:18] PING gesendet
[2025-05-10 08:23:18] Empfangen: :tmi.twitch.tv PONG tmi.twitch.tv :tmi.twitch.tv
[2025-05-10 08:23:33] ERROR: Ausnahme bei Ollama-Anfrage
[2025-05-10 08:23:33] Exception: HTTPConnectionPool(host='localhost', port=11434): Read timed out. (read timeout=20)
[2025-05-10 08:23:33] Traceback (most recent call last):
  File "/home/zombie/client/lib/python3.12/site-packages/urllib3/connectionpool.py", line 534, in _make_request
    response = conn.getresponse()
               ^^^^^^^^^^^^^^^^^^
  File "/home/zombie/client/lib/python3.12/site-packages/urllib3/connection.py", line 516, in getresponse
    httplib_response = super().getresponse()
                       ^^^^^^^^^^^^^^^^^^^^^
  File "/usr/lib/python3.12/http/client.py", line 1428, in getresponse
    response.begin()
  File "/usr/lib/python3.12/http/client.py", line 331, in begin
    version, status, reason = self._read_status()
                              ^^^^^^^^^^^^^^^^^^^
  File "/usr/lib/python3.12/http/client.py", line 292, in _read_status
    line = str(self.fp.readline(_MAXLINE + 1), "iso-8859-1")
               ^^^^^^^^^^^^^^^^^^^^^^^^^^^^^^
  File "/usr/lib/python3.12/socket.py", line 707, in readinto
    return self._sock.recv_into(b)
           ^^^^^^^^^^^^^^^^^^^^^^^
TimeoutError: timed out

The above exception was the direct cause of the following exception:

Traceback (most recent call last):
  File "/home/zombie/client/lib/python3.12/site-packages/requests/adapters.py", line 667, in send
    resp = conn.urlopen(
           ^^^^^^^^^^^^^
  File "/home/zombie/client/lib/python3.12/site-packages/urllib3/connectionpool.py", line 841, in urlopen
    retries = retries.increment(
              ^^^^^^^^^^^^^^^^^^
  File "/home/zombie/client/lib/python3.12/site-packages/urllib3/util/retry.py", line 474, in increment
    raise reraise(type(error), error, _stacktrace)
          ^^^^^^^^^^^^^^^^^^^^^^^^^^^^^^^^^^^^^^^^
  File "/home/zombie/client/lib/python3.12/site-packages/urllib3/util/util.py", line 39, in reraise
    raise value
  File "/home/zombie/client/lib/python3.12/site-packages/urllib3/connectionpool.py", line 787, in urlopen
    response = self._make_request(
               ^^^^^^^^^^^^^^^^^^^
  File "/home/zombie/client/lib/python3.12/site-packages/urllib3/connectionpool.py", line 536, in _make_request
    self._raise_timeout(err=e, url=url, timeout_value=read_timeout)
  File "/home/zombie/client/lib/python3.12/site-packages/urllib3/connectionpool.py", line 367, in _raise_timeout
    raise ReadTimeoutError(
urllib3.exceptions.ReadTimeoutError: HTTPConnectionPool(host='localhost', port=11434): Read timed out. (read timeout=20)

During handling of the above exception, another exception occurred:

Traceback (most recent call last):
  File "/home/zombie/zephyr/./zephyr-entertainment.py", line 177, in get_response_from_ollama
    response = requests.post(
               ^^^^^^^^^^^^^^
  File "/home/zombie/client/lib/python3.12/site-packages/requests/api.py", line 115, in post
    return request("post", url, data=data, json=json, **kwargs)
           ^^^^^^^^^^^^^^^^^^^^^^^^^^^^^^^^^^^^^^^^^^^^^^^^^^^^
  File "/home/zombie/client/lib/python3.12/site-packages/requests/api.py", line 59, in request
    return session.request(method=method, url=url, **kwargs)
           ^^^^^^^^^^^^^^^^^^^^^^^^^^^^^^^^^^^^^^^^^^^^^^^^^
  File "/home/zombie/client/lib/python3.12/site-packages/requests/sessions.py", line 589, in request
    resp = self.send(prep, **send_kwargs)
           ^^^^^^^^^^^^^^^^^^^^^^^^^^^^^^
  File "/home/zombie/client/lib/python3.12/site-packages/requests/sessions.py", line 703, in send
    r = adapter.send(request, **kwargs)
        ^^^^^^^^^^^^^^^^^^^^^^^^^^^^^^^
  File "/home/zombie/client/lib/python3.12/site-packages/requests/adapters.py", line 713, in send
    raise ReadTimeout(e, request=request)
requests.exceptions.ReadTimeout: HTTPConnectionPool(host='localhost', port=11434): Read timed out. (read timeout=20)

[2025-05-10 08:23:33] Nachricht gesendet: üé≠ Wie nennt man einen Cowboy ohne Pferd? Sattelsch...
[2025-05-10 08:23:33] Fallback-Witz gesendet: Wie nennt man einen Cowboy ohne Pferd? Sattelschle...
[2025-05-10 08:23:33] Empfangen: @badge-info=subscriber/29;badges=broadcaster/1,subscriber/0,twitch-recap-2024/1;color=#000000;display-name=derleiti;emote-sets=0,19194,300374282,592920959;id=a8747aae-e745-4c8b-a09e-b8340f9c76e6;mod=0;subscriber=1;user-type= :tmi.twitch.tv USERSTATE #derleiti
[2025-05-10 08:24:08] PING gesendet
[2025-05-10 08:24:08] Empfangen: :tmi.twitch.tv PONG tmi.twitch.tv :tmi.twitch.tv
[2025-05-10 08:24:23] Spielstand geladen: {'spiel': 'Unbekannt', 'ort': 'Unbekannt', 'tode': 0, 'level': 1, 'spielzeit': '00:00:00'}
[2025-05-10 08:24:43] PING gesendet
[2025-05-10 08:24:43] Empfangen: :tmi.twitch.tv PONG tmi.twitch.tv :tmi.twitch.tv
[2025-05-10 08:24:44] Empfangen: PING :tmi.twitch.tv
[2025-05-10 08:24:44] PING beantwortet mit: PONG :tmi.twitch.tv
[2025-05-10 08:25:17] Empfangen: @badge-info=;badges=moderator/1,partner/1;color=#7C7CE1;display-name=Nightbot;emotes=;first-msg=0;flags=;id=89bda023-7cb3-40cc-a40b-af327cd771c9;mod=1;returning-chatter=0;room-id=35881927;subscriber=0;tmi-sent-ts=1746858317187;turbo=0;user-id=19264788;user-type=mod :nightbot!nightbot@nightbot.tmi.twitch.tv PRIVMSG #derleiti :Wie Austin Powers sagen w√ºrde. Benimm dich!
[2025-05-10 08:25:17] Nachricht: @badge-info=;badges=moderator/1,partner/1;color=#7C7CE1;display-name=Nightbot;emotes=;first-msg=0;flags=;id=89bda023-7cb3-40cc-a40b-af327cd771c9;mod=1;returning-chatter=0;room-id=35881927;subscriber=0;tmi-sent-ts=1746858317187;turbo=0;user-id=19264788;user-type=mod nightbot: Wie Austin Powers sagen w√ºrde. Benimm dich!
[2025-05-10 08:25:35] Empfangen: @badge-info=;badges=moderator/1,partner/1;color=#7C7CE1;display-name=Nightbot;emotes=;first-msg=0;flags=;id=051cab71-ab6b-4436-89a8-54c48aa17371;mod=1;returning-chatter=0;room-id=35881927;subscriber=0;tmi-sent-ts=1746858335467;turbo=0;user-id=19264788;user-type=mod :nightbot!nightbot@nightbot.tmi.twitch.tv PRIVMSG #derleiti :https://linktr.ee/derleiti
[2025-05-10 08:25:35] Nachricht: @badge-info=;badges=moderator/1,partner/1;color=#7C7CE1;display-name=Nightbot;emotes=;first-msg=0;flags=;id=051cab71-ab6b-4436-89a8-54c48aa17371;mod=1;returning-chatter=0;room-id=35881927;subscriber=0;tmi-sent-ts=1746858335467;turbo=0;user-id=19264788;user-type=mod nightbot: https://linktr.ee/derleiti
[2025-05-10 08:26:08] PING gesendet
[2025-05-10 08:26:08] Empfangen: :tmi.twitch.tv PONG tmi.twitch.tv :tmi.twitch.tv
[2025-05-10 08:26:33] Sende an Ollama: Erz√§hle einen kurzen, lustigen Witz....
[2025-05-10 08:26:41] Antwort von Ollama erhalten: Ein Mann ging in eine Bar und fragte den Barmann: ...
[2025-05-10 08:26:41] Nachricht gesendet: üé≠ Ein Mann ging in eine Bar und fragte den Barmann...
[2025-05-10 08:26:41] Witz gesendet: Ein Mann ging in eine Bar und fragte den Barmann: ...
[2025-05-10 08:26:42] Empfangen: @badge-info=subscriber/29;badges=broadcaster/1,subscriber/0,twitch-recap-2024/1;color=#000000;display-name=derleiti;emote-sets=0,19194,300374282,592920959;id=9b89e11b-fd91-45b1-b789-90224a79abfb;mod=0;subscriber=1;user-type= :tmi.twitch.tv USERSTATE #derleiti
[2025-05-10 08:27:13] PING gesendet
[2025-05-10 08:27:13] Empfangen: :tmi.twitch.tv PONG tmi.twitch.tv :tmi.twitch.tv
[2025-05-10 08:27:20] Bot wird durch Benutzer beendet
[2025-05-10 08:27:20] PID-Datei entfernt
[2025-05-10 08:27:20] Bot wird beendet...
[2025-05-10 08:29:57] PID-Datei erstellt: 45794
[2025-05-10 08:29:57] Zephyr Twitch-Bot wird gestartet...
[2025-05-10 08:29:57] Ollama API Version: {'version': '0.6.8'}
[2025-05-10 08:29:57] Sende an Ollama: Sage 'Der Bot funktioniert!'...
[2025-05-10 08:30:12] Antwort von Ollama erhalten: Es ist wahrscheinlich, dass Sie diesen Nachrichten...
[2025-05-10 08:30:12] Test-Antwort: Es ist wahrscheinlich, dass Sie diesen Nachrichtentext erhalten haben, da Sie einen Dialog mit einer Spracherkennung oder einer Sprachsynthese (als "B...
[2025-05-10 08:30:12] Spielstand geladen: {'spiel': 'Unbekannt', 'ort': 'Unbekannt', 'tode': 0, 'level': 1, 'spielzeit': '00:00:00'}
[2025-05-10 08:30:12] Verbinde mit irc.chat.twitch.tv:6667...
[2025-05-10 08:30:13] Erfolgreich authentifiziert!
[2025-05-10 08:30:13] Kanal #derleiti beigetreten
[2025-05-10 08:30:14] Nicht verbunden beim Senden der Nachricht
[2025-05-10 08:30:14] Nachrichtenempf√§nger gestartet
[2025-05-10 08:30:14] Automatischer Kommentar-Thread gestartet - Intervall: 240 Sekunden
[2025-05-10 08:30:14] Automatischer Witz-Thread gestartet - Intervall: 180 Sekunden
[2025-05-10 08:30:14] Bot l√§uft jetzt...
[2025-05-10 08:30:14] Verbindungs-Watchdog gestartet
[2025-05-10 08:30:24] Sende an Ollama: Erz√§hle einen kurzen, lustigen Witz....
[2025-05-10 08:30:41] Nachricht: derleiti: !witz
[2025-05-10 08:30:41] Eigene Nachricht ignoriert: !witz
[2025-05-10 08:30:41] Nachricht gesendet: Hey derleiti! Willkommen! Was h√§ltst du bisher vom...
[2025-05-10 08:30:41] Neuer Zuschauer begr√º√üt: derleiti
[2025-05-10 08:30:44] Spielstand geladen: {'spiel': 'Unbekannt', 'ort': 'Unbekannt', 'tode': 0, 'level': 1, 'spielzeit': '00:00:00'}
[2025-05-10 08:30:44] Antwort von Ollama erhalten: Ein Mann ging in eine Bar und bemerkte, dass er al...
[2025-05-10 08:30:44] Nachricht gesendet: üé≠ Ein Mann ging in eine Bar und bemerkte, dass er ...
[2025-05-10 08:30:44] Witz gesendet: Ein Mann ging in eine Bar und bemerkte, dass er al...
[2025-05-10 08:31:25] Nachricht: derleiti: !witz
[2025-05-10 08:31:25] Eigene Nachricht ignoriert: !witz
[2025-05-10 08:33:44] Sende an Ollama: Erz√§hle einen kurzen, lustigen Witz....
[2025-05-10 08:34:14] ERROR: Ausnahme bei Ollama-Anfrage
[2025-05-10 08:34:14] Exception: HTTPConnectionPool(host='localhost', port=11434): Read timed out. (read timeout=30)
[2025-05-10 08:34:14] Nachricht gesendet: üé≠ Was ist rot und schlecht f√ºr die Z√§hne? Ein Zieg...
[2025-05-10 08:34:14] Fallback-Witz gesendet: Was ist rot und schlecht f√ºr die Z√§hne? Ein Ziegel...
[2025-05-10 08:34:44] Spielstand geladen: {'spiel': 'Unbekannt', 'ort': 'Unbekannt', 'tode': 0, 'level': 1, 'spielzeit': '00:00:00'}
[2025-05-10 08:35:07] Nachricht: Nightbot: Wie Austin Powers sagen w√ºrde. Benimm dich!
[2025-05-10 08:35:25] Nachricht: Nightbot: https://linktr.ee/derleiti
[2025-05-10 08:37:14] Sende an Ollama: Erz√§hle einen kurzen, lustigen Witz....
[2025-05-10 08:37:41] Antwort von Ollama erhalten: Ein Mann geht in eine Buchhandlung und sucht ein G...
[2025-05-10 08:37:41] Nachricht gesendet: üé≠ Ein Mann geht in eine Buchhandlung und sucht ein...
[2025-05-10 08:37:41] Witz gesendet: Ein Mann geht in eine Buchhandlung und sucht ein G...
[2025-05-10 08:38:44] Spielstand geladen: {'spiel': 'Unbekannt', 'ort': 'Unbekannt', 'tode': 0, 'level': 1, 'spielzeit': '00:00:00'}
Sa 10. Mai 08:39:40 CEST 2025 - Bot wurde f√ºr Update gestoppt.
[2025-05-10 08:39:40] PID-Datei erstellt: 51896
[2025-05-10 08:39:40] zephyr Twitch-Bot wird gestartet...
[2025-05-10 08:39:40] Ollama API Version: {'version': '0.6.8'}
[2025-05-10 08:39:40] Sende an Ollama: Sage 'Der Bot funktioniert!'...
[2025-05-10 08:39:53] Antwort von Ollama erhalten: Das bedeutet, dass der Chatbot ordnungsgem√§√ü funkt...
[2025-05-10 08:39:53] Test-Antwort: Das bedeutet, dass der Chatbot ordnungsgem√§√ü funktioniert und Ihrem Anforderungen entspricht. Es ist eine Meldung oder Antwort, die vom Chatbot zur√ºck...
[2025-05-10 08:39:53] Spielstand geladen: {'spiel': 'Unbekannt', 'ort': 'Unbekannt', 'tode': 0, 'level': 1, 'spielzeit': '00:00:00'}
[2025-05-10 08:39:53] Verbinde mit irc.chat.twitch.tv:6667...
[2025-05-10 08:39:54] Erfolgreich authentifiziert!
[2025-05-10 08:39:54] Kanal #derleiti beigetreten
[2025-05-10 08:39:55] Nicht verbunden beim Senden der Nachricht
[2025-05-10 08:39:55] Nachrichtenempf√§nger gestartet
[2025-05-10 08:39:55] Automatischer Witz-Thread gestartet - Intervall: 180 Sekunden
[2025-05-10 08:39:55] Automatischer Kommentar-Thread gestartet - Intervall: 240 Sekunden
[2025-05-10 08:39:55] Verbindungs-Watchdog gestartet
[2025-05-10 08:39:55] Bot l√§uft jetzt...
[2025-05-10 08:40:05] Sende an Ollama: Erz√§hle einen kurzen, lustigen Witz....
[2025-05-10 08:40:13] Nachricht: derleiti: !witz
[2025-05-10 08:40:13] Nachricht gesendet: Hey derleiti! Willkommen! Was h√§ltst du bisher vom...
[2025-05-10 08:40:13] Sende an Ollama: Erz√§hle einen kurzen, lustigen Witz....
[2025-05-10 08:40:13] Neuer Zuschauer begr√º√üt: derleiti
[2025-05-10 08:40:25] Spielstand geladen: {'spiel': 'Unbekannt', 'ort': 'Unbekannt', 'tode': 0, 'level': 1, 'spielzeit': '00:00:00'}
[2025-05-10 08:40:35] ERROR: Ausnahme bei Ollama-Anfrage
[2025-05-10 08:40:35] Exception: HTTPConnectionPool(host='localhost', port=11434): Read timed out. (read timeout=30)
[2025-05-10 08:40:35] Nachricht gesendet: üé≠ Wie nennt man einen Boomerang, der nicht zur√ºckk...
[2025-05-10 08:40:35] Fallback-Witz gesendet: Wie nennt man einen Boomerang, der nicht zur√ºckkom...
[2025-05-10 08:40:35] Nachricht: derleiti: !witz
[2025-05-10 08:40:35] Sende an Ollama: Erz√§hle einen kurzen, lustigen Witz....
[2025-05-10 08:40:39] Nachricht: Nightbot: https://linktr.ee/derleiti
[2025-05-10 08:40:43] ERROR: Ausnahme bei Ollama-Anfrage
[2025-05-10 08:40:43] Exception: HTTPConnectionPool(host='localhost', port=11434): Read timed out. (read timeout=30)
[2025-05-10 08:40:43] Nachricht gesendet: üé≠ Was ist schwarz-wei√ü und kommt nicht vom Fleck? ...
[2025-05-10 08:40:43] Fallback-Witz gesendet: Was ist schwarz-wei√ü und kommt nicht vom Fleck? Ei...
[2025-05-10 08:40:48] Nachricht: derleiti: !witz
[2025-05-10 08:40:48] Sende an Ollama: Erz√§hle einen kurzen, lustigen Witz....
[2025-05-10 08:40:57] Antwort von Ollama erhalten: Ein Mann ging mit seiner Frau zum Spaziergang in d...
[2025-05-10 08:40:57] Nachricht gesendet: üé≠ Ein Mann ging mit seiner Frau zum Spaziergang in...
[2025-05-10 08:40:57] Witz gesendet: Ein Mann ging mit seiner Frau zum Spaziergang in d...
[2025-05-10 08:41:13] Nachricht: derleiti: !frag zephyr wie gehts
[2025-05-10 08:41:13] Sende an Ollama: Du bist ein Twitch-Bot namens zephyr. Beantworte f...
[2025-05-10 08:41:16] Antwort von Ollama erhalten: Ein Mann geht mit seiner Frau in die Kaffeebar und...
[2025-05-10 08:41:16] Nachricht gesendet: üé≠ Ein Mann geht mit seiner Frau in die Kaffeebar u...
[2025-05-10 08:41:16] Witz gesendet: Ein Mann geht mit seiner Frau in die Kaffeebar und...
[2025-05-10 08:41:21] Antwort von Ollama erhalten: Zephyr: "Hallo, dearest user! I am feeling great t...
[2025-05-10 08:41:21] Nachricht gesendet: @derleiti Zephyr: "Hallo, dearest user! I am feeli...
[2025-05-10 08:41:21] Antwort auf direkte Frage gesendet: Zephyr: "Hallo, dearest user! I am feeling great t...
[2025-05-10 08:43:35] Sende an Ollama: Erz√§hle einen kurzen, lustigen Witz....
[2025-05-10 08:43:44] Nachricht: StreamElements: derleiti is now live! Streaming Just Chatting: away from the keyboard
[2025-05-10 08:43:44] Nachricht gesendet: Hey StreamElements! Willkommen! Was h√§ltst du bish...
[2025-05-10 08:43:44] Neuer Zuschauer begr√º√üt: StreamElements
[2025-05-10 08:44:05] ERROR: Ausnahme bei Ollama-Anfrage
[2025-05-10 08:44:05] Exception: HTTPConnectionPool(host='localhost', port=11434): Read timed out. (read timeout=30)
[2025-05-10 08:44:05] Nachricht gesendet: üé≠ Was sitzt auf dem Baum und schreit 'Aha'? Ein Uh...
[2025-05-10 08:44:05] Fallback-Witz gesendet: Was sitzt auf dem Baum und schreit 'Aha'? Ein Uhu ...
[2025-05-10 08:44:25] Spielstand geladen: {'spiel': 'Unbekannt', 'ort': 'Unbekannt', 'tode': 0, 'level': 1, 'spielzeit': '00:00:00'}
[2025-05-10 08:45:05] Nachricht: derleiti: !frag zephyr kannst du meinen stream sehehn
[2025-05-10 08:45:05] Sende an Ollama: Du bist ein Twitch-Bot namens zephyr. Beantworte f...
[2025-05-10 08:45:17] Nachricht: Nightbot: Wie Austin Powers sagen w√ºrde. Benimm dich!
[2025-05-10 08:45:26] Antwort von Ollama erhalten: Ich bin ein Twitch-Bot namens zephyr und habe kein...
[2025-05-10 08:45:26] Nachricht gesendet: @derleiti Ich bin ein Twitch-Bot namens zephyr und...
[2025-05-10 08:45:26] Antwort auf direkte Frage gesendet: Ich bin ein Twitch-Bot namens zephyr und habe kein...
[2025-05-10 08:45:37] Nachricht: Nightbot: https://linktr.ee/derleiti
[2025-05-10 08:47:05] Sende an Ollama: Erz√§hle einen kurzen, lustigen Witz....
[2025-05-10 08:47:16] Antwort von Ollama erhalten: Ein Mann geht in eine Kaffeebar und bemerkt, dass ...
[2025-05-10 08:47:16] Nachricht gesendet: üé≠ Ein Mann geht in eine Kaffeebar und bemerkt, das...
[2025-05-10 08:47:16] Witz gesendet: Ein Mann geht in eine Kaffeebar und bemerkt, dass ...
[2025-05-10 08:48:25] Spielstand geladen: {'spiel': 'Unbekannt', 'ort': 'Unbekannt', 'tode': 0, 'level': 1, 'spielzeit': '00:00:00'}
[2025-05-10 08:48:40] PID-Datei erstellt: 61356
[2025-05-10 08:48:40] zephyr Twitch-Bot wird gestartet...
[2025-05-10 08:48:40] Ollama API Version: {'version': '0.6.8'}
[2025-05-10 08:48:40] Sende an Ollama: Sage 'Der Bot funktioniert!'...
[2025-05-10 08:48:52] Antwort von Ollama erhalten: Es scheint, dass der Bot funktioniert!

[Translite...
[2025-05-10 08:48:52] Test-Antwort: Es scheint, dass der Bot funktioniert!

[Transliteration: Es scheint, dass der Bot funktioniert!]

This message is displayed when the bot successfully...
[2025-05-10 08:48:52] Spielstand geladen: {'spiel': 'Unbekannt', 'ort': 'Unbekannt', 'tode': 0, 'level': 1, 'spielzeit': '00:00:00'}
[2025-05-10 08:48:52] Verbinde mit irc.chat.twitch.tv:6667...
[2025-05-10 08:48:52] Erfolgreich authentifiziert!
[2025-05-10 08:48:52] Kanal #derleiti beigetreten
[2025-05-10 08:48:53] Nicht verbunden beim Senden der Nachricht
[2025-05-10 08:48:53] Nachrichtenempf√§nger gestartet
[2025-05-10 08:48:53] Automatischer Witz-Thread gestartet - Intervall: 180 Sekunden
[2025-05-10 08:48:53] Automatischer Kommentar-Thread gestartet - Intervall: 240 Sekunden
[2025-05-10 08:48:53] Bot l√§uft jetzt...
[2025-05-10 08:48:53] Verbindungs-Watchdog gestartet
[2025-05-10 08:48:55] Nachricht: derleiti: !witz
[2025-05-10 08:48:55] Nachricht: derleiti: !witz
[2025-05-10 08:48:55] Sende an Ollama: Erz√§hle einen kurzen, lustigen Witz....
[2025-05-10 08:48:55] Nachricht gesendet: Hi derleiti! Sch√∂n, dich im Chat zu sehen!...
[2025-05-10 08:48:55] Sende an Ollama: Erz√§hle einen kurzen, lustigen Witz....
[2025-05-10 08:48:55] Neuer Zuschauer begr√º√üt: derleiti
[2025-05-10 08:48:55] Nachricht: derleiti: Hi derleiti! Sch√∂n, dich im Chat zu sehen!
[2025-05-10 08:49:03] Sende an Ollama: Erz√§hle einen kurzen, lustigen Witz....
[2025-05-10 08:49:12] Nachricht: derleiti: !witz
[2025-05-10 08:49:12] Sende an Ollama: Erz√§hle einen kurzen, lustigen Witz....
[2025-05-10 08:49:12] Nachricht: derleiti: !witz
[2025-05-10 08:49:12] Sende an Ollama: Erz√§hle einen kurzen, lustigen Witz....
[2025-05-10 08:49:23] Spielstand geladen: {'spiel': 'Unbekannt', 'ort': 'Unbekannt', 'tode': 0, 'level': 1, 'spielzeit': '00:00:00'}
[2025-05-10 08:49:25] ERROR: Ausnahme bei Ollama-Anfrage
[2025-05-10 08:49:25] Exception: HTTPConnectionPool(host='localhost', port=11434): Read timed out. (read timeout=30)
[2025-05-10 08:49:25] Nachricht gesendet: üé≠ Was macht ein Pirat beim Camping? Er schl√§gt sei...
[2025-05-10 08:49:25] Fallback-Witz gesendet: Was macht ein Pirat beim Camping? Er schl√§gt sein ...
[2025-05-10 08:49:25] ERROR: Ausnahme bei Ollama-Anfrage
[2025-05-10 08:49:25] Exception: HTTPConnectionPool(host='localhost', port=11434): Read timed out. (read timeout=30)
[2025-05-10 08:49:25] Nachricht gesendet: üé≠ Wie nennt man einen Boomerang, der nicht zur√ºckk...
[2025-05-10 08:49:25] Fallback-Witz gesendet: Wie nennt man einen Boomerang, der nicht zur√ºckkom...
[2025-05-10 08:49:25] Nachricht: derleiti: üé≠ Was macht ein Pirat beim Camping? Er schl√§gt sein Segel auf!
[2025-05-10 08:49:25] Nachricht: derleiti: üé≠ Wie nennt man einen Boomerang, der nicht zur√ºckkommt? Stock.
[2025-05-10 08:49:33] ERROR: Ausnahme bei Ollama-Anfrage
[2025-05-10 08:49:33] Exception: HTTPConnectionPool(host='localhost', port=11434): Read timed out. (read timeout=30)
[2025-05-10 08:49:33] Nachricht gesendet: üé≠ Wie nennt man einen dicken Vegetarier? Biotonne....
[2025-05-10 08:49:33] Fallback-Witz gesendet: Wie nennt man einen dicken Vegetarier? Biotonne....
[2025-05-10 08:49:34] Nachricht: derleiti: üé≠ Wie nennt man einen dicken Vegetarier? Biotonne.
[2025-05-10 08:49:42] ERROR: Ausnahme bei Ollama-Anfrage
[2025-05-10 08:49:42] Exception: HTTPConnectionPool(host='localhost', port=11434): Read timed out. (read timeout=30)
[2025-05-10 08:49:42] ERROR: Ausnahme bei Ollama-Anfrage
[2025-05-10 08:49:42] Exception: HTTPConnectionPool(host='localhost', port=11434): Read timed out. (read timeout=30)
[2025-05-10 08:49:42] Nachricht gesendet: üé≠ Was ist rot und schlecht f√ºr die Z√§hne? Ein Zieg...
[2025-05-10 08:49:42] Fallback-Witz gesendet: Was ist rot und schlecht f√ºr die Z√§hne? Ein Ziegel...
[2025-05-10 08:49:42] Nachricht gesendet: üé≠ Kommt ein Pferd in die Bar. Fragt der Barkeeper:...
[2025-05-10 08:49:42] Fallback-Witz gesendet: Kommt ein Pferd in die Bar. Fragt der Barkeeper: '...
[2025-05-10 08:49:42] Nachricht: derleiti: üé≠ Was ist rot und schlecht f√ºr die Z√§hne? Ein Ziegelstein.
[2025-05-10 08:49:43] Nachricht: derleiti: üé≠ Kommt ein Pferd in die Bar. Fragt der Barkeeper: 'Warum so ein langes Gesicht?'
[2025-05-10 08:50:11] Nachricht: Nightbot: Wie Austin Powers sagen w√ºrde. Benimm dich!
[2025-05-10 08:50:11] Nachricht: Nightbot: Wie Austin Powers sagen w√ºrde. Benimm dich!
[2025-05-10 08:50:16] Sende an Ollama: Erz√§hle einen kurzen, lustigen Witz....
[2025-05-10 08:50:30] Nachricht: Nightbot: https://linktr.ee/derleiti
[2025-05-10 08:50:30] Nachricht: Nightbot: https://linktr.ee/derleiti
[2025-05-10 08:50:46] ERROR: Ausnahme bei Ollama-Anfrage
[2025-05-10 08:50:46] Exception: HTTPConnectionPool(host='localhost', port=11434): Read timed out. (read timeout=30)
[2025-05-10 08:50:46] Nachricht gesendet: üé≠ Kommt ein Pferd in die Bar. Fragt der Barkeeper:...
[2025-05-10 08:50:46] Fallback-Witz gesendet: Kommt ein Pferd in die Bar. Fragt der Barkeeper: '...
[2025-05-10 08:50:47] Nachricht: derleiti: üé≠ Kommt ein Pferd in die Bar. Fragt der Barkeeper: 'Warum so ein langes Gesicht?'
[2025-05-10 08:51:29] Nachricht: derleiti: !witz
[2025-05-10 08:51:29] Sende an Ollama: Erz√§hle einen kurzen, lustigen Witz....
[2025-05-10 08:51:29] Nachricht: derleiti: !witz
[2025-05-10 08:51:29] Sende an Ollama: Erz√§hle einen kurzen, lustigen Witz....
[2025-05-10 08:51:40] Antwort von Ollama erhalten: Ein Mann ging in eine M√§nner mode-Apotheke und bat...
[2025-05-10 08:51:40] Nachricht gesendet: üé≠ Ein Mann ging in eine M√§nner mode-Apotheke und b...
[2025-05-10 08:51:40] Witz gesendet: Ein Mann ging in eine M√§nner mode-Apotheke und bat...
[2025-05-10 08:51:41] Nachricht: derleiti: üé≠ Ein Mann ging in eine M√§nner mode-Apotheke und bat den Apotheker um Rat f√ºr sein schwieriges Haarproblem. Der Apotheker schaute ihm an und sagte: "Ich kann dir nur sagen, es scheint, als ob du zuviel Frauen ber√ºhrst!"
[2025-05-10 08:51:44] Antwort von Ollama erhalten: Trag die Schuhe nicht zu lange an, sonst wirst du ...
[2025-05-10 08:51:44] Nachricht gesendet: üé≠ Trag die Schuhe nicht zu lange an, sonst wirst d...
[2025-05-10 08:51:44] Witz gesendet: Trag die Schuhe nicht zu lange an, sonst wirst du ...
[2025-05-10 08:51:44] Nachricht: derleiti: üé≠ Trag die Schuhe nicht zu lange an, sonst wirst du mit ihnen gehen!
[2025-05-10 08:52:25] Spielstand geladen: {'spiel': 'Unbekannt', 'ort': 'Unbekannt', 'tode': 0, 'level': 1, 'spielzeit': '00:00:00'}
[2025-05-10 08:52:33] Sende an Ollama: Erz√§hle einen kurzen, lustigen Witz....
[2025-05-10 08:52:57] Antwort von Ollama erhalten: Ein Mann ging in ein Restaurant und bestellte zwei...
[2025-05-10 08:52:57] Nachricht gesendet: üé≠ Ein Mann ging in ein Restaurant und bestellte zw...
[2025-05-10 08:52:57] Witz gesendet: Ein Mann ging in ein Restaurant und bestellte zwei...
[2025-05-10 08:52:57] Nachricht: derleiti: üé≠ Ein Mann ging in ein Restaurant und bestellte zwei Brotst√ºckchen mit Butter. Der Kellner bat ihn darum, ob er nicht einige Speisen hinzunehmen wolle, da die Brotst√ºckchen nicht richtig waren. Der Mann lehnte ab, doch als er die Brotst√ºckchen probierte, bemerkte er, dass sie aus einem gro√üen Sandwich geschnitten worden waren. "Sie m√ºssen mir einen √§hnlichen Fehler in Zukunft nicht mehr beibringen!" rief er dem Kellner nach. Der Kellner antwortete:
[2025-05-10 08:53:23] Spielstand geladen: {'spiel': 'Unbekannt', 'ort': 'Unbekannt', 'tode': 0, 'level': 1, 'spielzeit': '00:00:00'}
[2025-05-10 08:53:46] Sende an Ollama: Erz√§hle einen kurzen, lustigen Witz....
[2025-05-10 08:53:59] Antwort von Ollama erhalten: Ein Elefant ging in eine Bar und bestellte ein Whi...
[2025-05-10 08:53:59] Nachricht gesendet: üé≠ Ein Elefant ging in eine Bar und bestellte ein W...
[2025-05-10 08:53:59] Witz gesendet: Ein Elefant ging in eine Bar und bestellte ein Whi...
[2025-05-10 08:53:59] Nachricht: derleiti: üé≠ Ein Elefant ging in eine Bar und bestellte ein Whisky. Der Bartender sah ihm verd√§chtig nach und fragte: "Wie soll ich das zuerst bringen? Vor dir oder hinter dir?" Die anderen G√§ste im Zimmer lachten lautlos, als der Elefant antwortete: "Es ist egal f√ºr dich, ich werde es mir selber trinken!"
[2025-05-10 08:55:21] Nachricht: Nightbot: Wie Austin Powers sagen w√ºrde. Benimm dich!
[2025-05-10 08:55:21] Nachricht: Nightbot: Wie Austin Powers sagen w√ºrde. Benimm dich!
[2025-05-10 08:55:37] Nachricht: Nightbot: https://linktr.ee/derleiti
[2025-05-10 08:55:37] Nachricht: Nightbot: https://linktr.ee/derleiti
[2025-05-10 08:55:57] Sende an Ollama: Erz√§hle einen kurzen, lustigen Witz....
[2025-05-10 08:56:25] Spielstand geladen: {'spiel': 'Unbekannt', 'ort': 'Unbekannt', 'tode': 0, 'level': 1, 'spielzeit': '00:00:00'}
[2025-05-10 08:56:27] ERROR: Ausnahme bei Ollama-Anfrage
[2025-05-10 08:56:27] Exception: HTTPConnectionPool(host='localhost', port=11434): Read timed out. (read timeout=30)
[2025-05-10 08:56:27] Nachricht gesendet: üé≠ Was sitzt auf dem Baum und schreit 'Aha'? Ein Uh...
[2025-05-10 08:56:27] Fallback-Witz gesendet: Was sitzt auf dem Baum und schreit 'Aha'? Ein Uhu ...
[2025-05-10 08:56:27] Nachricht: derleiti: üé≠ Was sitzt auf dem Baum und schreit 'Aha'? Ein Uhu mit Sprachfehler!
[2025-05-10 08:56:59] Sende an Ollama: Erz√§hle einen kurzen, lustigen Witz....
[2025-05-10 08:57:23] Spielstand geladen: {'spiel': 'Unbekannt', 'ort': 'Unbekannt', 'tode': 0, 'level': 1, 'spielzeit': '00:00:00'}
[2025-05-10 08:57:29] ERROR: Ausnahme bei Ollama-Anfrage
[2025-05-10 08:57:29] Exception: HTTPConnectionPool(host='localhost', port=11434): Read timed out. (read timeout=30)
[2025-05-10 08:57:29] Nachricht gesendet: üé≠ Was macht ein Pirat beim Camping? Er schl√§gt sei...
[2025-05-10 08:57:29] Fallback-Witz gesendet: Was macht ein Pirat beim Camping? Er schl√§gt sein ...
[2025-05-10 08:57:29] Nachricht: derleiti: üé≠ Was macht ein Pirat beim Camping? Er schl√§gt sein Segel auf!
Sa 10. Mai 08:57:57 CEST 2025 - Bot wurde f√ºr Update gestoppt.
[2025-05-10 08:57:57] PID-Datei erstellt: 72108
[2025-05-10 08:57:57] zephyr Twitch-Bot wird gestartet...
[2025-05-10 08:57:57] Ollama API Version: {'version': '0.6.8'}
[2025-05-10 08:57:57] Sende an Ollama: Sage 'Der Bot funktioniert!'...
[2025-05-10 08:58:07] Antwort von Ollama erhalten: Diese Nachricht wird von einem Chatbot gesendet un...
[2025-05-10 08:58:07] Test-Antwort: Diese Nachricht wird von einem Chatbot gesendet und bedeutet "Die Funktion ist vorhanden!" oder "Die Funktion kann benutzt werden!". Die Botschaft ist...
[2025-05-10 08:58:07] Spielstand geladen: {'spiel': 'Unbekannt', 'ort': 'Unbekannt', 'tode': 0, 'level': 1, 'spielzeit': '00:00:00'}
[2025-05-10 08:58:07] Verbinde mit irc.chat.twitch.tv:6667...
[2025-05-10 08:58:07] Erfolgreich authentifiziert!
[2025-05-10 08:58:07] Kanal #derleiti beigetreten
[2025-05-10 08:58:08] Nicht verbunden beim Senden der Nachricht
[2025-05-10 08:58:08] Nachrichtenempf√§nger gestartet
[2025-05-10 08:58:08] Automatischer Witz-Thread gestartet - Intervall: 180 Sekunden
[2025-05-10 08:58:08] Automatischer Kommentar-Thread gestartet - Intervall: 240 Sekunden
[2025-05-10 08:58:08] Automatischer Bildkommentar-Thread gestartet - Intervall: 300 Sekunden
[2025-05-10 08:58:08] Verbindungs-Watchdog gestartet
[2025-05-10 08:58:08] Bot l√§uft jetzt...
[2025-05-10 08:58:18] Sende an Ollama: Erz√§hle einen kurzen, lustigen Witz....
[2025-05-10 08:58:31] Antwort von Ollama erhalten: Eine Pinguin-Familie zog in eine Wohnung, aber das...
[2025-05-10 08:58:31] Nachricht gesendet: üé≠ Eine Pinguin-Familie zog in eine Wohnung, aber d...
[2025-05-10 08:58:31] Witz gesendet: Eine Pinguin-Familie zog in eine Wohnung, aber das...
[2025-05-10 08:58:31] Nachricht: derleiti: üé≠ Eine Pinguin-Familie zog in eine Wohnung, aber das Nachbarhaus war nicht begeistert. Der Nachbar sagte: "Warum zieht ein Dutzend V√∂gel mit Schedelschuhen ins Haus? Um zu sagen: Wir sind die Pinguine von hier aus!"
[2025-05-10 08:58:38] Spielstand geladen: {'spiel': 'Unbekannt', 'ort': 'Unbekannt', 'tode': 0, 'level': 1, 'spielzeit': '00:00:00'}
[2025-05-10 08:59:35] Nachricht: derleiti: hi @zephyr kannst du meinen stream nun sehen
[2025-05-10 08:59:35] Nachricht gesendet: Hey derleiti! Willkommen! Was h√§ltst du bisher vom...
[2025-05-10 08:59:35] Neuer Zuschauer begr√º√üt: derleiti
[2025-05-10 08:59:35] Nachricht: derleiti: hi @zephyr kannst du meinen stream nun sehen
[2025-05-10 08:59:35] Nachricht: derleiti: Hey derleiti! Willkommen! Was h√§ltst du bisher vom Stream?
[2025-05-10 08:59:56] Nachricht: derleiti: hi @zephyr kannst du meinen stream nun sehen
[2025-05-10 08:59:56] Nachricht: derleiti: hi @zephyr kannst du meinen stream nun sehen
[2025-05-10 09:00:21] Nachricht: Nightbot: Wie Austin Powers sagen w√ºrde. Benimm dich!
[2025-05-10 09:00:21] Nachricht: Nightbot: Wie Austin Powers sagen w√ºrde. Benimm dich!
[2025-05-10 09:00:25] Spielstand geladen: {'spiel': 'Unbekannt', 'ort': 'Unbekannt', 'tode': 0, 'level': 1, 'spielzeit': '00:00:00'}
[2025-05-10 09:00:29] Sende an Ollama: Erz√§hle einen kurzen, lustigen Witz....
[2025-05-10 09:00:34] Nachricht: derleiti: !frag zephyr kannst du meinen stream nun sehehn
[2025-05-10 09:00:34] Sende an Ollama: Du bist ein Twitch-Bot namens zephyr. Beantworte f...
[2025-05-10 09:00:34] Nachricht: derleiti: !frag zephyr kannst du meinen stream nun sehehn
[2025-05-10 09:00:34] Sende an Ollama: Du bist ein Twitch-Bot namens zephyr. Beantworte f...
[2025-05-10 09:00:42] Antwort von Ollama erhalten: Ein Elefant ging in ein Caf√© und orderte einen Kaf...
[2025-05-10 09:00:42] Nachricht gesendet: üé≠ Ein Elefant ging in ein Caf√© und orderte einen K...
[2025-05-10 09:00:42] Witz gesendet: Ein Elefant ging in ein Caf√© und orderte einen Kaf...
[2025-05-10 09:00:42] Nachricht: derleiti: üé≠ Ein Elefant ging in ein Caf√© und orderte einen Kaffee. Der Barista frappierte: "Solange du keine Milch w√ºnschst, ist das kostenlos!" Der Elefant lachte und antwortete: "Danke, aber ich ben√∂tige auch kein Zucker..."
[2025-05-10 09:00:50] Nachricht: Nightbot: https://linktr.ee/derleiti
[2025-05-10 09:00:50] Nachricht: Nightbot: https://linktr.ee/derleiti
[2025-05-10 09:00:50] Antwort von Ollama erhalten: I'm not capable of watching your stream in real-ti...
[2025-05-10 09:00:50] Nachricht gesendet: @derleiti I'm not capable of watching your stream ...
[2025-05-10 09:00:50] Antwort auf direkte Frage gesendet: I'm not capable of watching your stream in real-ti...
[2025-05-10 09:00:50] Nachricht: derleiti: @derleiti I'm not capable of watching your stream in real-time, but you can join and watch it on the twitch platform by accessing my channel zephyrbot.twitch.tv at any time. However, I don't have a physical body to see or hear anything, I am here to assist and provide helpful information during your streams.
[2025-05-10 09:00:57] Antwort von Ollama erhalten: Ich bin momentan keine Stream-Software, sondern ei...
[2025-05-10 09:00:57] Nachricht gesendet: @derleiti Ich bin momentan keine Stream-Software, ...
[2025-05-10 09:00:57] Antwort auf direkte Frage gesendet: Ich bin momentan keine Stream-Software, sondern ei...
[2025-05-10 09:00:57] Nachricht: derleiti: @derleiti Ich bin momentan keine Stream-Software, sondern ein Textgenerator. Ich kann Ihnen nicht sehen, aber Sie k√∂nnen mich nutzen, indem Sie mich in die Chatbox eines Livestreams Ihres Lieblingsstreamers eingeben und ich will ihnen mit verschiedenen Nachrichten unterhalten. Vielen Dank f√ºr Ihre Frage! #zephyrbot
[2025-05-10 09:01:31] Sende an Ollama: Erz√§hle einen kurzen, lustigen Witz....
[2025-05-10 09:01:53] Antwort von Ollama erhalten: Ein Hund ging in eine Drogerie und sagte zur Kasse...
[2025-05-10 09:01:53] Nachricht gesendet: üé≠ Ein Hund ging in eine Drogerie und sagte zur Kas...
[2025-05-10 09:01:53] Witz gesendet: Ein Hund ging in eine Drogerie und sagte zur Kasse...
[2025-05-10 09:01:53] Nachricht: derleiti: üé≠ Ein Hund ging in eine Drogerie und sagte zur Kasse: "Bring mir bitte etwas f√ºr die Haare! Ich habe keine Idee was ich brauche, aber es muss sch√∂n geruen smellen." Die Verk√§uferin nickte und gab ihm ein Glaspak mit einem hundegerechten Haarsp√ºler. Der Hund zog sich in der Ecke zur√ºck und rieb seine Nase an dem Sp√ºler. Danach sagte er: "Danke, das ist genau was ich brauchte!" Die Verk√§uferin freute sich und dachte: "Endlich hat etwas gekauft!"
[2025-05-10 09:02:13] Nachricht: derleiti: !bild
[2025-05-10 09:02:13] Spielstand geladen: {'spiel': 'Unbekannt', 'ort': 'Unbekannt', 'tode': 0, 'level': 1, 'spielzeit': '00:00:00'}
[2025-05-10 09:02:13] Sende an Ollama: Du bist ein Twitch-Bot namens zephyr. Der Streamer...
[2025-05-10 09:02:13] Nachricht: derleiti: !bild
[2025-05-10 09:02:38] Spielstand geladen: {'spiel': 'Unbekannt', 'ort': 'Unbekannt', 'tode': 0, 'level': 1, 'spielzeit': '00:00:00'}
[2025-05-10 09:02:43] ERROR: Ausnahme bei Ollama-Anfrage
[2025-05-10 09:02:43] Exception: HTTPConnectionPool(host='localhost', port=11434): Read timed out. (read timeout=30)
[2025-05-10 09:02:43] Nachricht gesendet: üëÅÔ∏è Die Wetterstimmung verleiht der Szene eine beso...
[2025-05-10 09:02:43] Fallback-Bildkommentar gesendet: Die Wetterstimmung verleiht der Szene eine besonde...
[2025-05-10 09:02:44] Nachricht: derleiti: üëÅÔ∏è Die Wetterstimmung verleiht der Szene eine besondere Atmosph√§re!
[2025-05-10 09:03:05] Nachricht: derleiti: !scene
[2025-05-10 09:03:05] Nachricht: derleiti: !scene
[2025-05-10 09:03:05] Spielstand geladen: {'spiel': 'Unbekannt', 'ort': 'Unbekannt', 'tode': 0, 'level': 1, 'spielzeit': '00:00:00'}
[2025-05-10 09:03:05] Sende an Ollama: Du bist ein Twitch-Bot namens zephyr. Der Streamer...
[2025-05-10 09:03:08] Spielstand geladen: {'spiel': 'Unbekannt', 'ort': 'Unbekannt', 'tode': 0, 'level': 1, 'spielzeit': '00:00:00'}
[2025-05-10 09:03:08] Sende an Ollama: Du bist ein Twitch-Bot namens zephyr. Der Streamer...
[2025-05-10 09:03:35] ERROR: Ausnahme bei Ollama-Anfrage
[2025-05-10 09:03:35] Exception: HTTPConnectionPool(host='localhost', port=11434): Read timed out. (read timeout=30)
[2025-05-10 09:03:35] Nachricht gesendet: üëÅÔ∏è Die Grafik sieht wirklich fantastisch aus!...
[2025-05-10 09:03:35] Fallback-Bildkommentar gesendet: Die Grafik sieht wirklich fantastisch aus!...
[2025-05-10 09:03:35] Nachricht: derleiti: üëÅÔ∏è Die Grafik sieht wirklich fantastisch aus!
[2025-05-10 09:03:38] ERROR: Ausnahme bei Ollama-Anfrage
[2025-05-10 09:03:38] Exception: HTTPConnectionPool(host='localhost', port=11434): Read timed out. (read timeout=30)
[2025-05-10 09:03:38] Nachricht gesendet: üëÅÔ∏è Die Umgebung wirkt so realistisch, fast als w√§r...
[2025-05-10 09:03:38] Fallback-Bildkommentar gesendet: Die Umgebung wirkt so realistisch, fast als w√§re m...
[2025-05-10 09:03:38] Nachricht: derleiti: üëÅÔ∏è Die Umgebung wirkt so realistisch, fast als w√§re man selbst dort!
[2025-05-10 09:03:42] Sende an Ollama: Erz√§hle einen kurzen, lustigen Witz....
[2025-05-10 09:04:02] Antwort von Ollama erhalten: Ein Mann ging in ein Restaurant und sah auf der Sp...
[2025-05-10 09:04:02] Nachricht gesendet: üé≠ Ein Mann ging in ein Restaurant und sah auf der ...
[2025-05-10 09:04:02] Witz gesendet: Ein Mann ging in ein Restaurant und sah auf der Sp...
[2025-05-10 09:04:02] Nachricht: derleiti: üé≠ Ein Mann ging in ein Restaurant und sah auf der Speisekarte "Spaghetti mit allen m√∂glichen Krustentieren" stehen. Er war entsetzt und fragte den Kellner: "Wirklich, Spaghetti mit allen Krustentieren? K√∂nnten Sie mir erkl√§ren, was genau dahintersteckt?" Der Kellner lachte und antwortete: "Mein Chef ist ein gro√üer Liebhaber von Horrorfilmen. Heute Abend wollen wir ihm eine besondere Surprise geben!"
[2025-05-10 09:04:25] Spielstand geladen: {'spiel': 'Unbekannt', 'ort': 'Unbekannt', 'tode': 0, 'level': 1, 'spielzeit': '00:00:00'}
[2025-05-10 09:04:53] Sende an Ollama: Erz√§hle einen kurzen, lustigen Witz....
[2025-05-10 09:05:06] Nachricht: Nightbot: Wie Austin Powers sagen w√ºrde. Benimm dich!
[2025-05-10 09:05:06] Nachricht: Nightbot: Wie Austin Powers sagen w√ºrde. Benimm dich!
[2025-05-10 09:05:12] Antwort von Ollama erhalten: Ein Mann ging ins Kino und sah dort den Film "Shre...
[2025-05-10 09:05:12] Nachricht gesendet: üé≠ Ein Mann ging ins Kino und sah dort den Film "Sh...
[2025-05-10 09:05:12] Witz gesendet: Ein Mann ging ins Kino und sah dort den Film "Shre...
[2025-05-10 09:05:12] Nachricht: derleiti: üé≠ Ein Mann ging ins Kino und sah dort den Film "Shrek". Im Zusammenspiel der Filmmusik und der be√§ngstigenden Szene mit dem schreienden Drachen kam ihm eine Idee - er sollte sein Gesicht wie das des Drachens bemalen und einen L√§cheln aufzeichnen. Als er diese Fotos zeigte, war seine Freundin so erschrocken, dass sie ihn daraufhin nicht mehr sehen wollte. Als er erkannte, dass sein Experiment ein Misserfolg geworden war, beschloss er, das n√§chste Ma
[2025-05-10 09:05:25] Nachricht: Nightbot: https://linktr.ee/derleiti
[2025-05-10 09:05:25] Nachricht: Nightbot: https://linktr.ee/derleiti
[2025-05-10 09:06:38] Spielstand geladen: {'spiel': 'Unbekannt', 'ort': 'Unbekannt', 'tode': 0, 'level': 1, 'spielzeit': '00:00:00'}
[2025-05-10 09:07:02] Sende an Ollama: Erz√§hle einen kurzen, lustigen Witz....
[2025-05-10 09:07:32] ERROR: Ausnahme bei Ollama-Anfrage
[2025-05-10 09:07:32] Exception: HTTPConnectionPool(host='localhost', port=11434): Read timed out. (read timeout=30)
[2025-05-10 09:07:32] Nachricht gesendet: üé≠ Was sagt ein Bauer, wenn er sein Traktor verlore...
[2025-05-10 09:07:32] Fallback-Witz gesendet: Was sagt ein Bauer, wenn er sein Traktor verloren ...
[2025-05-10 09:07:32] Nachricht: derleiti: üé≠ Was sagt ein Bauer, wenn er sein Traktor verloren hat? 'Wo ist mein Traktor?'
[2025-05-10 09:08:08] Spielstand geladen: {'spiel': 'Unbekannt', 'ort': 'Unbekannt', 'tode': 0, 'level': 1, 'spielzeit': '00:00:00'}
[2025-05-10 09:08:08] Sende an Ollama: Du bist ein Twitch-Bot namens zephyr. Der Streamer...
[2025-05-10 09:08:12] Sende an Ollama: Erz√§hle einen kurzen, lustigen Witz....
[2025-05-10 09:08:25] Spielstand geladen: {'spiel': 'Unbekannt', 'ort': 'Unbekannt', 'tode': 0, 'level': 1, 'spielzeit': '00:00:00'}
[2025-05-10 09:08:35] Antwort von Ollama erhalten: Ein Mann geht in eine Konditorei und blickt auf di...
[2025-05-10 09:08:35] Nachricht gesendet: üé≠ Ein Mann geht in eine Konditorei und blickt auf ...
[2025-05-10 09:08:35] Witz gesendet: Ein Mann geht in eine Konditorei und blickt auf di...
[2025-05-10 09:08:35] Nachricht: derleiti: üé≠ Ein Mann geht in eine Konditorei und blickt auf die Torte-Anzeige: "Schwarzw√§lder Kirschtorte f√ºr 7 Euro". Er schaut sich um und bemerkt, dass es auch einen Schwarzw√§lder Kirschtorte-Combo gibt. Dieses kostet 10 Euro. Er fragt den Verkaufsassistenten: "Warum kostet das Combo zehn Euro und die Torte nur sieben?" Der Assistent antwortet mit einem Lachen: "Weil wir der Torte eine Prostituierte gesellt haben!"
[2025-05-10 09:08:38] ERROR: Ausnahme bei Ollama-Anfrage
[2025-05-10 09:08:38] Exception: HTTPConnectionPool(host='localhost', port=11434): Read timed out. (read timeout=30)
[2025-05-10 09:08:38] Nachricht gesendet: üëÅÔ∏è Die Umgebung wirkt so realistisch, fast als w√§r...
[2025-05-10 09:08:38] Fallback-Bildkommentar gesendet: Die Umgebung wirkt so realistisch, fast als w√§re m...
[2025-05-10 09:08:38] Nachricht: derleiti: üëÅÔ∏è Die Umgebung wirkt so realistisch, fast als w√§re man selbst dort!
[2025-05-10 09:10:17] Nachricht: Nightbot: Wie Austin Powers sagen w√ºrde. Benimm dich!
[2025-05-10 09:10:17] Nachricht: Nightbot: Wie Austin Powers sagen w√ºrde. Benimm dich!
[2025-05-10 09:10:32] Sende an Ollama: Erz√§hle einen kurzen, lustigen Witz....
[2025-05-10 09:10:37] Nachricht: Nightbot: https://linktr.ee/derleiti
[2025-05-10 09:10:37] Nachricht: Nightbot: https://linktr.ee/derleiti
[2025-05-10 09:10:38] Spielstand geladen: {'spiel': 'Unbekannt', 'ort': 'Unbekannt', 'tode': 0, 'level': 1, 'spielzeit': '00:00:00'}
[2025-05-10 09:10:54] Antwort von Ollama erhalten: Eine Gruppe von K√§ngurus h√∂rte, dass ein Kater in ...
[2025-05-10 09:10:54] Nachricht gesendet: üé≠ Eine Gruppe von K√§ngurus h√∂rte, dass ein Kater i...
[2025-05-10 09:10:54] Witz gesendet: Eine Gruppe von K√§ngurus h√∂rte, dass ein Kater in ...
[2025-05-10 09:10:55] Nachricht: derleiti: üé≠ Eine Gruppe von K√§ngurus h√∂rte, dass ein Kater in ihrem Umfeld umgebracht wurde. Sie waren traurig und beschlossen, eine Trauerfeier zu veranstalten. Sie standen in einem Kreis um den Toten und beklagten dessen Verlust. Pl√∂tzlich kam der √§lteste K√§ngurus und fragte: "Was geht hier vor?" Die K√§ngurus erkl√§rten ihm die Trag√∂die, als sie ihn unterrichten wollten, fielen sie jedoch in ein wildes Raufen und Bummeln herum. Der alte K√§nguru sagte: "Aha,
[2025-05-10 09:11:35] Sende an Ollama: Erz√§hle einen kurzen, lustigen Witz....
[2025-05-10 09:12:05] ERROR: Ausnahme bei Ollama-Anfrage
[2025-05-10 09:12:05] Exception: HTTPConnectionPool(host='localhost', port=11434): Read timed out. (read timeout=30)
[2025-05-10 09:12:05] Nachricht gesendet: üé≠ Wie nennt man einen Bumerang, der nicht zur√ºckko...
[2025-05-10 09:12:05] Fallback-Witz gesendet: Wie nennt man einen Bumerang, der nicht zur√ºckkomm...
[2025-05-10 09:12:05] Nachricht: derleiti: üé≠ Wie nennt man einen Bumerang, der nicht zur√ºckkommt? Stock!
[2025-05-10 09:12:25] Spielstand geladen: {'spiel': 'Unbekannt', 'ort': 'Unbekannt', 'tode': 0, 'level': 1, 'spielzeit': '00:00:00'}
[2025-05-10 09:12:58] PID-Datei erstellt: 87099
[2025-05-10 09:12:58] zephyr Twitch-Bot wird gestartet...
[2025-05-10 09:12:58] Ollama API Version: {'version': '0.6.8'}
[2025-05-10 09:12:58] Sende an Ollama: Sage 'Der Bot funktioniert!'...
[2025-05-10 09:14:55] PID-Datei erstellt: 87868
[2025-05-10 09:14:55] zephyr Twitch-Bot wird gestartet...
[2025-05-10 09:14:55] Ollama API Version: {'version': '0.6.8'}
[2025-05-10 09:14:55] Sende an Ollama: Sage 'Der Bot funktioniert!'...
[2025-05-10 09:15:23] Antwort von Ollama erhalten: Dieser Sage entspricht dem deutschen Sprachlernen ...
[2025-05-10 09:15:23] Test-Antwort: Dieser Sage entspricht dem deutschen Sprachlernen und bedeutet "Die Roboterfunktion arbeitet!" Es kann jedoch nicht festgestellt werden, ob das eine P...
[2025-05-10 09:15:23] Spielstand geladen: {'spiel': 'Unbekannt', 'ort': 'Unbekannt', 'tode': 0, 'level': 1, 'spielzeit': '00:00:00'}
[2025-05-10 09:15:23] Verbinde mit irc.chat.twitch.tv:6667...
[2025-05-10 09:15:23] Erfolgreich authentifiziert!
[2025-05-10 09:15:23] Kanal #derleiti beigetreten
[2025-05-10 09:15:24] Nicht verbunden beim Senden der Nachricht
[2025-05-10 09:15:24] Nachrichtenempf√§nger gestartet
[2025-05-10 09:15:24] Automatischer Witz-Thread gestartet - Intervall: 180 Sekunden
[2025-05-10 09:15:24] Automatischer Kommentar-Thread gestartet - Intervall: 240 Sekunden
[2025-05-10 09:15:24] Automatischer Bildkommentar-Thread gestartet - Intervall: 300 Sekunden
[2025-05-10 09:15:24] Befehlserinnerungs-Thread gestartet - Intervall: 600 Sekunden
[2025-05-10 09:15:24] Bot l√§uft jetzt...
[2025-05-10 09:15:24] Verbindungs-Watchdog gestartet
[2025-05-10 09:15:28] Nachricht: derleiti: !witz
[2025-05-10 09:15:28] Sende an Ollama: Erz√§hle einen kurzen, lustigen Witz....
[2025-05-10 09:15:28] Nachricht gesendet: Hi derleiti! Sch√∂n, dich im Chat zu sehen!...
[2025-05-10 09:15:28] Neuer Zuschauer begr√º√üt: derleiti
[2025-05-10 09:15:33] Nachricht: Nightbot: https://linktr.ee/derleiti
[2025-05-10 09:15:33] Nachricht: derleiti: !witz
[2025-05-10 09:15:33] Sende an Ollama: Erz√§hle einen kurzen, lustigen Witz....
[2025-05-10 09:15:34] Sende an Ollama: Erz√§hle einen kurzen, lustigen Witz....
[2025-05-10 09:15:50] Antwort von Ollama erhalten: Einmal gab es zwei Freunde, die sich immer wieder ...
[2025-05-10 09:15:50] Nachricht gesendet: üé≠ Einmal gab es zwei Freunde, die sich immer wiede...
[2025-05-10 09:15:50] Witz gesendet: Einmal gab es zwei Freunde, die sich immer wieder ...
[2025-05-10 09:15:54] Spielstand geladen: {'spiel': 'Unbekannt', 'ort': 'Unbekannt', 'tode': 0, 'level': 1, 'spielzeit': '00:00:00'}
[2025-05-10 09:16:03] ERROR: Ausnahme bei Ollama-Anfrage
[2025-05-10 09:16:03] Exception: HTTPConnectionPool(host='localhost', port=11434): Read timed out. (read timeout=30)
[2025-05-10 09:16:03] Nachricht gesendet: üé≠ Warum sollte man nie Poker mit einem Zauberer sp...
[2025-05-10 09:16:03] Fallback-Witz gesendet: Warum sollte man nie Poker mit einem Zauberer spie...
[2025-05-10 09:16:05] ERROR: Ausnahme bei Ollama-Anfrage
[2025-05-10 09:16:05] Exception: HTTPConnectionPool(host='localhost', port=11434): Read timed out. (read timeout=30)
[2025-05-10 09:16:05] Nachricht gesendet: üé≠ Wie nennt man einen Cowboy ohne Pferd? Sattelsch...
[2025-05-10 09:16:05] Fallback-Witz gesendet: Wie nennt man einen Cowboy ohne Pferd? Sattelschle...
[2025-05-10 09:16:31] Nachricht: derleiti: !scene
[2025-05-10 09:16:31] Spielstand geladen: {'spiel': 'Unbekannt', 'ort': 'Unbekannt', 'tode': 0, 'level': 1, 'spielzeit': '00:00:00'}
[2025-05-10 09:16:31] Sende an Ollama: Du bist ein Twitch-Bot namens zephyr. Der Streamer...
[2025-05-10 09:17:01] ERROR: Ausnahme bei Ollama-Anfrage
[2025-05-10 09:17:01] Exception: HTTPConnectionPool(host='localhost', port=11434): Read timed out. (read timeout=30)
[2025-05-10 09:17:01] Nachricht gesendet: üëÅÔ∏è Die Charaktermodelle sind sehr ausdrucksstark!...
[2025-05-10 09:17:01] Fallback-Bildkommentar gesendet: Die Charaktermodelle sind sehr ausdrucksstark!...
[2025-05-10 09:17:24] Nachricht gesendet: üìã Verf√ºgbare Befehle: !witz, !info, !stats, !hilfe...
[2025-05-10 09:17:24] Befehlserinnerung gesendet: üìã Verf√ºgbare Befehle: !witz, !info, !stats, !hilfe, !bild, !spiel NAME, !ort NAME, !tod, !level X, !frag zephyr ...
[2025-05-10 09:19:05] Sende an Ollama: Erz√§hle einen kurzen, lustigen Witz....
[2025-05-10 09:19:12] Antwort von Ollama erhalten: Ein Schaf lag im Gras und schw√§rmte: "Ich bin das ...
[2025-05-10 09:19:12] Nachricht gesendet: üé≠ Ein Schaf lag im Gras und schw√§rmte: "Ich bin da...
[2025-05-10 09:19:12] Witz gesendet: Ein Schaf lag im Gras und schw√§rmte: "Ich bin das ...
[2025-05-10 09:19:55] Spielstand geladen: {'spiel': 'Unbekannt', 'ort': 'Unbekannt', 'tode': 0, 'level': 1, 'spielzeit': '00:00:00'}
[2025-05-10 09:20:12] Nachricht: Nightbot: Wie Austin Powers sagen w√ºrde. Benimm dich!
[2025-05-10 09:20:24] Spielstand geladen: {'spiel': 'Unbekannt', 'ort': 'Unbekannt', 'tode': 0, 'level': 1, 'spielzeit': '00:00:00'}
[2025-05-10 09:20:24] Sende an Ollama: Du bist ein Twitch-Bot namens zephyr. Der Streamer...
[2025-05-10 09:20:32] Nachricht: Nightbot: https://linktr.ee/derleiti
[2025-05-10 09:20:55] ERROR: Ausnahme bei Ollama-Anfrage
[2025-05-10 09:20:55] Exception: HTTPConnectionPool(host='localhost', port=11434): Read timed out. (read timeout=30)
[2025-05-10 09:20:55] Nachricht gesendet: üëÅÔ∏è Die Umgebung wirkt so realistisch, fast als w√§r...
[2025-05-10 09:20:55] Fallback-Bildkommentar gesendet: Die Umgebung wirkt so realistisch, fast als w√§re m...
[2025-05-10 09:22:12] Sende an Ollama: Erz√§hle einen kurzen, lustigen Witz....
[2025-05-10 09:22:24] Antwort von Ollama erhalten: Ein Mann ging in ein Restaurant und bestellte die ...
[2025-05-10 09:22:24] Nachricht gesendet: üé≠ Ein Mann ging in ein Restaurant und bestellte di...
[2025-05-10 09:22:24] Witz gesendet: Ein Mann ging in ein Restaurant und bestellte die ...
[2025-05-10 09:23:55] Spielstand geladen: {'spiel': 'Unbekannt', 'ort': 'Unbekannt', 'tode': 0, 'level': 1, 'spielzeit': '00:00:00'}
[2025-05-10 09:25:07] Nachricht: Nightbot: Wie Austin Powers sagen w√ºrde. Benimm dich!
[2025-05-10 09:25:24] Sende an Ollama: Erz√§hle einen kurzen, lustigen Witz....
[2025-05-10 09:25:25] Spielstand geladen: {'spiel': 'Unbekannt', 'ort': 'Unbekannt', 'tode': 0, 'level': 1, 'spielzeit': '00:00:00'}
[2025-05-10 09:25:25] Sende an Ollama: Du bist ein Twitch-Bot namens zephyr. Der Streamer...
[2025-05-10 09:25:26] Nachricht: Nightbot: https://linktr.ee/derleiti
[2025-05-10 09:25:54] ERROR: Ausnahme bei Ollama-Anfrage
[2025-05-10 09:25:54] Exception: HTTPConnectionPool(host='localhost', port=11434): Read timed out. (read timeout=30)
[2025-05-10 09:25:54] Nachricht gesendet: üé≠ Was ist schwarz-wei√ü und kommt nicht vom Fleck? ...
[2025-05-10 09:25:54] Fallback-Witz gesendet: Was ist schwarz-wei√ü und kommt nicht vom Fleck? Ei...
[2025-05-10 09:25:55] ERROR: Ausnahme bei Ollama-Anfrage
[2025-05-10 09:25:55] Exception: HTTPConnectionPool(host='localhost', port=11434): Read timed out. (read timeout=30)
[2025-05-10 09:25:55] Nachricht gesendet: üëÅÔ∏è Die Animationen sind super fl√ºssig!...
[2025-05-10 09:25:55] Fallback-Bildkommentar gesendet: Die Animationen sind super fl√ºssig!...
[2025-05-10 09:27:25] Nachricht gesendet: üëã Neu hier? Mit !witz bekommst du einen zuf√§lligen...
[2025-05-10 09:27:25] Befehlserinnerung gesendet: üëã Neu hier? Mit !witz bekommst du einen zuf√§lligen Witz von mir!
[2025-05-10 09:27:55] Spielstand geladen: {'spiel': 'Unbekannt', 'ort': 'Unbekannt', 'tode': 0, 'level': 1, 'spielzeit': '00:00:00'}
[2025-05-10 09:28:54] Sende an Ollama: Erz√§hle einen kurzen, lustigen Witz....
[2025-05-10 09:29:07] Antwort von Ollama erhalten: Ein Schaf steht auf dem Felde und schaut vertrauen...
[2025-05-10 09:29:07] Nachricht gesendet: üé≠ Ein Schaf steht auf dem Felde und schaut vertrau...
[2025-05-10 09:29:07] Witz gesendet: Ein Schaf steht auf dem Felde und schaut vertrauen...
[2025-05-10 09:30:19] Nachricht: Nightbot: Wie Austin Powers sagen w√ºrde. Benimm dich!
[2025-05-10 09:30:25] Spielstand geladen: {'spiel': 'Unbekannt', 'ort': 'Unbekannt', 'tode': 0, 'level': 1, 'spielzeit': '00:00:00'}
[2025-05-10 09:30:25] Sende an Ollama: Du bist ein Twitch-Bot namens zephyr. Der Streamer...
[2025-05-10 09:30:40] Nachricht: Nightbot: https://linktr.ee/derleiti
[2025-05-10 09:30:55] ERROR: Ausnahme bei Ollama-Anfrage
[2025-05-10 09:30:55] Exception: HTTPConnectionPool(host='localhost', port=11434): Read timed out. (read timeout=30)
[2025-05-10 09:30:55] Nachricht gesendet: üëÅÔ∏è Der Charakter-Look ist echt cool - tolle Detail...
[2025-05-10 09:30:55] Fallback-Bildkommentar gesendet: Der Charakter-Look ist echt cool - tolle Details!...
[2025-05-10 09:31:55] Spielstand geladen: {'spiel': 'Unbekannt', 'ort': 'Unbekannt', 'tode': 0, 'level': 1, 'spielzeit': '00:00:00'}
[2025-05-10 09:32:07] Sende an Ollama: Erz√§hle einen kurzen, lustigen Witz....
[2025-05-10 09:32:37] ERROR: Ausnahme bei Ollama-Anfrage
[2025-05-10 09:32:37] Exception: HTTPConnectionPool(host='localhost', port=11434): Read timed out. (read timeout=30)
[2025-05-10 09:32:37] Nachricht gesendet: üé≠ Was ist braun, klebrig und l√§uft durch die W√ºste...
[2025-05-10 09:32:37] Fallback-Witz gesendet: Was ist braun, klebrig und l√§uft durch die W√ºste? ...
[2025-05-10 09:14:55] PID-Datei erstellt: 87868
[2025-05-10 09:14:55] zephyr Twitch-Bot wird gestartet...
[2025-05-10 09:14:55] Ollama API Version: {'version': '0.6.8'}
[2025-05-10 09:14:55] Sende an Ollama: Sage 'Der Bot funktioniert!'...
[2025-05-10 09:15:23] Antwort von Ollama erhalten: Dieser Sage entspricht dem deutschen Sprachlernen ...
[2025-05-10 09:15:23] Test-Antwort: Dieser Sage entspricht dem deutschen Sprachlernen und bedeutet "Die Roboterfunktion arbeitet!" Es kann jedoch nicht festgestellt werden, ob das eine P...
[2025-05-10 09:15:23] Spielstand geladen: {'spiel': 'Unbekannt', 'ort': 'Unbekannt', 'tode': 0, 'level': 1, 'spielzeit': '00:00:00'}
[2025-05-10 09:15:23] Verbinde mit irc.chat.twitch.tv:6667...
[2025-05-10 09:15:23] Erfolgreich authentifiziert!
[2025-05-10 09:15:23] Kanal #derleiti beigetreten
[2025-05-10 09:15:24] Nicht verbunden beim Senden der Nachricht
[2025-05-10 09:15:24] Nachrichtenempf√§nger gestartet
[2025-05-10 09:15:24] Automatischer Witz-Thread gestartet - Intervall: 180 Sekunden
[2025-05-10 09:15:24] Automatischer Kommentar-Thread gestartet - Intervall: 240 Sekunden
[2025-05-10 09:15:24] Automatischer Bildkommentar-Thread gestartet - Intervall: 300 Sekunden
[2025-05-10 09:15:24] Befehlserinnerungs-Thread gestartet - Intervall: 600 Sekunden
[2025-05-10 09:15:24] Verbindungs-Watchdog gestartet
[2025-05-10 09:15:24] Bot l√§uft jetzt...
[2025-05-10 09:15:28] Nachricht: derleiti: !witz
[2025-05-10 09:15:28] Nachricht gesendet: Hi derleiti! Sch√∂n, dich im Chat zu sehen!...
[2025-05-10 09:15:28] Sende an Ollama: Erz√§hle einen kurzen, lustigen Witz....
[2025-05-10 09:15:28] Neuer Zuschauer begr√º√üt: derleiti
[2025-05-10 09:15:33] Nachricht: Nightbot: https://linktr.ee/derleiti
[2025-05-10 09:15:33] Nachricht: derleiti: !witz
[2025-05-10 09:15:33] Sende an Ollama: Erz√§hle einen kurzen, lustigen Witz....
[2025-05-10 09:15:34] Sende an Ollama: Erz√§hle einen kurzen, lustigen Witz....
[2025-05-10 09:15:50] Antwort von Ollama erhalten: Einmal gab es zwei Freunde, die sich immer wieder ...
[2025-05-10 09:15:50] Nachricht gesendet: üé≠ Einmal gab es zwei Freunde, die sich immer wiede...
[2025-05-10 09:15:50] Witz gesendet: Einmal gab es zwei Freunde, die sich immer wieder ...
[2025-05-10 09:15:54] Spielstand geladen: {'spiel': 'Unbekannt', 'ort': 'Unbekannt', 'tode': 0, 'level': 1, 'spielzeit': '00:00:00'}
[2025-05-10 09:16:03] ERROR: Ausnahme bei Ollama-Anfrage
[2025-05-10 09:16:03] Nachricht gesendet: üé≠ Warum sollte man nie Poker mit einem Zauberer sp...
[2025-05-10 09:16:03] Fallback-Witz gesendet: Warum sollte man nie Poker mit einem Zauberer spie...
[2025-05-10 09:16:05] ERROR: Ausnahme bei Ollama-Anfrage
[2025-05-10 09:16:05] Nachricht gesendet: üé≠ Wie nennt man einen Cowboy ohne Pferd? Sattelsch...
[2025-05-10 09:16:05] Fallback-Witz gesendet: Wie nennt man einen Cowboy ohne Pferd? Sattelschle...
[2025-05-10 09:16:31] Nachricht: derleiti: !scene
[2025-05-10 09:16:31] Spielstand geladen: {'spiel': 'Unbekannt', 'ort': 'Unbekannt', 'tode': 0, 'level': 1, 'spielzeit': '00:00:00'}
[2025-05-10 09:16:31] Sende an Ollama: Du bist ein Twitch-Bot namens zephyr. Der Streamer...
[2025-05-10 09:17:01] ERROR: Ausnahme bei Ollama-Anfrage
[2025-05-10 09:17:01] Nachricht gesendet: üëÅÔ∏è Die Charaktermodelle sind sehr ausdrucksstark!...
[2025-05-10 09:17:01] Fallback-Bildkommentar gesendet: Die Charaktermodelle sind sehr ausdrucksstark!...
[2025-05-10 09:17:24] Nachricht gesendet: üìã Verf√ºgbare Befehle: !witz, !info, !stats, !hilfe...
[2025-05-10 09:17:24] Befehlserinnerung gesendet: üìã Verf√ºgbare Befehle: !witz, !info, !stats, !hilfe, !bild, !spiel NAME, !ort NAME, !tod, !level X, !frag zephyr ...
[2025-05-10 09:19:05] Sende an Ollama: Erz√§hle einen kurzen, lustigen Witz....
[2025-05-10 09:19:12] Antwort von Ollama erhalten: Ein Schaf lag im Gras und schw√§rmte: "Ich bin das ...
[2025-05-10 09:19:12] Nachricht gesendet: üé≠ Ein Schaf lag im Gras und schw√§rmte: "Ich bin da...
[2025-05-10 09:19:12] Witz gesendet: Ein Schaf lag im Gras und schw√§rmte: "Ich bin das ...
[2025-05-10 09:19:55] Spielstand geladen: {'spiel': 'Unbekannt', 'ort': 'Unbekannt', 'tode': 0, 'level': 1, 'spielzeit': '00:00:00'}
[2025-05-10 09:20:12] Nachricht: Nightbot: Wie Austin Powers sagen w√ºrde. Benimm dich!
[2025-05-10 09:20:24] Spielstand geladen: {'spiel': 'Unbekannt', 'ort': 'Unbekannt', 'tode': 0, 'level': 1, 'spielzeit': '00:00:00'}
[2025-05-10 09:20:24] Sende an Ollama: Du bist ein Twitch-Bot namens zephyr. Der Streamer...
[2025-05-10 09:20:32] Nachricht: Nightbot: https://linktr.ee/derleiti
[2025-05-10 09:20:55] ERROR: Ausnahme bei Ollama-Anfrage
[2025-05-10 09:20:55] Nachricht gesendet: üëÅÔ∏è Die Umgebung wirkt so realistisch, fast als w√§r...
[2025-05-10 09:20:55] Fallback-Bildkommentar gesendet: Die Umgebung wirkt so realistisch, fast als w√§re m...
[2025-05-10 09:22:12] Sende an Ollama: Erz√§hle einen kurzen, lustigen Witz....
[2025-05-10 09:22:24] Antwort von Ollama erhalten: Ein Mann ging in ein Restaurant und bestellte die ...
[2025-05-10 09:22:24] Nachricht gesendet: üé≠ Ein Mann ging in ein Restaurant und bestellte di...
[2025-05-10 09:22:24] Witz gesendet: Ein Mann ging in ein Restaurant und bestellte die ...
[2025-05-10 09:23:55] Spielstand geladen: {'spiel': 'Unbekannt', 'ort': 'Unbekannt', 'tode': 0, 'level': 1, 'spielzeit': '00:00:00'}
[2025-05-10 09:25:07] Nachricht: Nightbot: Wie Austin Powers sagen w√ºrde. Benimm dich!
[2025-05-10 09:25:24] Sende an Ollama: Erz√§hle einen kurzen, lustigen Witz....
[2025-05-10 09:25:25] Spielstand geladen: {'spiel': 'Unbekannt', 'ort': 'Unbekannt', 'tode': 0, 'level': 1, 'spielzeit': '00:00:00'}
[2025-05-10 09:25:25] Sende an Ollama: Du bist ein Twitch-Bot namens zephyr. Der Streamer...
[2025-05-10 09:25:26] Nachricht: Nightbot: https://linktr.ee/derleiti
[2025-05-10 09:25:54] ERROR: Ausnahme bei Ollama-Anfrage
[2025-05-10 09:25:54] Nachricht gesendet: üé≠ Was ist schwarz-wei√ü und kommt nicht vom Fleck? ...
[2025-05-10 09:25:54] Fallback-Witz gesendet: Was ist schwarz-wei√ü und kommt nicht vom Fleck? Ei...
[2025-05-10 09:25:55] ERROR: Ausnahme bei Ollama-Anfrage
[2025-05-10 09:25:55] Nachricht gesendet: üëÅÔ∏è Die Animationen sind super fl√ºssig!...
[2025-05-10 09:25:55] Fallback-Bildkommentar gesendet: Die Animationen sind super fl√ºssig!...
[2025-05-10 09:27:25] Nachricht gesendet: üëã Neu hier? Mit !witz bekommst du einen zuf√§lligen...
[2025-05-10 09:27:25] Befehlserinnerung gesendet: üëã Neu hier? Mit !witz bekommst du einen zuf√§lligen Witz von mir!
[2025-05-10 09:27:55] Spielstand geladen: {'spiel': 'Unbekannt', 'ort': 'Unbekannt', 'tode': 0, 'level': 1, 'spielzeit': '00:00:00'}
[2025-05-10 09:28:54] Sende an Ollama: Erz√§hle einen kurzen, lustigen Witz....
[2025-05-10 09:29:07] Antwort von Ollama erhalten: Ein Schaf steht auf dem Felde und schaut vertrauen...
[2025-05-10 09:29:07] Nachricht gesendet: üé≠ Ein Schaf steht auf dem Felde und schaut vertrau...
[2025-05-10 09:29:07] Witz gesendet: Ein Schaf steht auf dem Felde und schaut vertrauen...
[2025-05-10 09:30:19] Nachricht: Nightbot: Wie Austin Powers sagen w√ºrde. Benimm dich!
[2025-05-10 09:30:25] Spielstand geladen: {'spiel': 'Unbekannt', 'ort': 'Unbekannt', 'tode': 0, 'level': 1, 'spielzeit': '00:00:00'}
[2025-05-10 09:30:25] Sende an Ollama: Du bist ein Twitch-Bot namens zephyr. Der Streamer...
[2025-05-10 09:30:40] Nachricht: Nightbot: https://linktr.ee/derleiti
[2025-05-10 09:30:55] ERROR: Ausnahme bei Ollama-Anfrage
[2025-05-10 09:30:55] Nachricht gesendet: üëÅÔ∏è Der Charakter-Look ist echt cool - tolle Detail...
[2025-05-10 09:30:55] Fallback-Bildkommentar gesendet: Der Charakter-Look ist echt cool - tolle Details!...
[2025-05-10 09:31:55] Spielstand geladen: {'spiel': 'Unbekannt', 'ort': 'Unbekannt', 'tode': 0, 'level': 1, 'spielzeit': '00:00:00'}
[2025-05-10 09:32:07] Sende an Ollama: Erz√§hle einen kurzen, lustigen Witz....
[2025-05-10 09:32:37] ERROR: Ausnahme bei Ollama-Anfrage
[2025-05-10 09:32:37] Nachricht gesendet: üé≠ Was ist braun, klebrig und l√§uft durch die W√ºste...
[2025-05-10 09:32:37] Fallback-Witz gesendet: Was ist braun, klebrig und l√§uft durch die W√ºste? ...
[2025-05-10 09:33:36] Nachricht: StreamElements: Thank you for following einbaum124 :)
[2025-05-10 09:33:36] Nachricht gesendet: Hallo StreamElements! Danke, dass du vorbeischaust...
[2025-05-10 09:33:36] Neuer Zuschauer begr√º√üt: StreamElements
[2025-05-10 09:35:15] Nachricht: Nightbot: Wie Austin Powers sagen w√ºrde. Benimm dich!
[2025-05-10 09:35:25] Spielstand geladen: {'spiel': 'Unbekannt', 'ort': 'Unbekannt', 'tode': 0, 'level': 1, 'spielzeit': '00:00:00'}
[2025-05-10 09:35:25] Sende an Ollama: Du bist ein Twitch-Bot namens zephyr. Der Streamer...
[2025-05-10 09:35:31] Nachricht: Nightbot: https://linktr.ee/derleiti
[2025-05-10 09:35:37] Sende an Ollama: Erz√§hle einen kurzen, lustigen Witz....
[2025-05-10 09:35:55] ERROR: Ausnahme bei Ollama-Anfrage
[2025-05-10 09:35:55] Exception: HTTPConnectionPool(host='localhost', port=11434): Read timed out. (read timeout=30)
[2025-05-10 09:35:55] Nachricht gesendet: üëÅÔ∏è Der Charakter-Look ist echt cool - tolle Detail...
[2025-05-10 09:35:55] Fallback-Bildkommentar gesendet: Der Charakter-Look ist echt cool - tolle Details!...
[2025-05-10 09:35:55] Spielstand geladen: {'spiel': 'Unbekannt', 'ort': 'Unbekannt', 'tode': 0, 'level': 1, 'spielzeit': '00:00:00'}
[2025-05-10 09:36:00] Antwort von Ollama erhalten: Ein Elefant ging eines Tages in ein Supermarkt und...
[2025-05-10 09:36:00] Nachricht gesendet: üé≠ Ein Elefant ging eines Tages in ein Supermarkt u...
[2025-05-10 09:36:00] Witz gesendet: Ein Elefant ging eines Tages in ein Supermarkt und...
[2025-05-10 09:37:25] Nachricht gesendet: üéÆ Verwende !info f√ºr aktuelle Spielinfos oder !sta...
[2025-05-10 09:37:25] Befehlserinnerung gesendet: üéÆ Verwende !info f√ºr aktuelle Spielinfos oder !stats f√ºr Statistiken.
[2025-05-10 09:39:00] Sende an Ollama: Erz√§hle einen kurzen, lustigen Witz....
[2025-05-10 09:39:14] Antwort von Ollama erhalten: Ein Mann ging in eine Bar und bestellte zwei Bier....
[2025-05-10 09:39:14] Nachricht gesendet: üé≠ Ein Mann ging in eine Bar und bestellte zwei Bie...
[2025-05-10 09:39:14] Witz gesendet: Ein Mann ging in eine Bar und bestellte zwei Bier....
[2025-05-10 09:39:55] Spielstand geladen: {'spiel': 'Unbekannt', 'ort': 'Unbekannt', 'tode': 0, 'level': 1, 'spielzeit': '00:00:00'}
[2025-05-10 09:40:22] Nachricht: Nightbot: Wie Austin Powers sagen w√ºrde. Benimm dich!
[2025-05-10 09:40:25] Spielstand geladen: {'spiel': 'Unbekannt', 'ort': 'Unbekannt', 'tode': 0, 'level': 1, 'spielzeit': '00:00:00'}
[2025-05-10 09:40:25] Sende an Ollama: Du bist ein Twitch-Bot namens zephyr. Der Streamer...
[2025-05-10 09:40:42] Nachricht: Nightbot: https://linktr.ee/derleiti
[2025-05-10 09:40:55] ERROR: Ausnahme bei Ollama-Anfrage
[2025-05-10 09:40:55] Exception: HTTPConnectionPool(host='localhost', port=11434): Read timed out. (read timeout=30)
[2025-05-10 09:40:55] Nachricht gesendet: üëÅÔ∏è Das Interface ist wirklich √ºbersichtlich gestal...
[2025-05-10 09:40:55] Fallback-Bildkommentar gesendet: Das Interface ist wirklich √ºbersichtlich gestaltet...
[2025-05-10 09:42:14] Sende an Ollama: Erz√§hle einen kurzen, lustigen Witz....
[2025-05-10 09:42:32] Antwort von Ollama erhalten: Tragt mir bitte die Hose an! - war der letzte Satz...
[2025-05-10 09:42:32] Nachricht gesendet: üé≠ Tragt mir bitte die Hose an! - war der letzte Sa...
[2025-05-10 09:42:32] Witz gesendet: Tragt mir bitte die Hose an! - war der letzte Satz...
[2025-05-10 09:43:55] Spielstand geladen: {'spiel': 'Unbekannt', 'ort': 'Unbekannt', 'tode': 0, 'level': 1, 'spielzeit': '00:00:00'}
[2025-05-10 09:45:17] Nachricht: Nightbot: Wie Austin Powers sagen w√ºrde. Benimm dich!
[2025-05-10 09:45:25] Spielstand geladen: {'spiel': 'Unbekannt', 'ort': 'Unbekannt', 'tode': 0, 'level': 1, 'spielzeit': '00:00:00'}
[2025-05-10 09:45:25] Sende an Ollama: Du bist ein Twitch-Bot namens zephyr. Der Streamer...
[2025-05-10 09:45:32] Sende an Ollama: Erz√§hle einen kurzen, lustigen Witz....
[2025-05-10 09:45:37] Nachricht: Nightbot: https://linktr.ee/derleiti
[2025-05-10 09:45:55] ERROR: Ausnahme bei Ollama-Anfrage
[2025-05-10 09:45:55] Exception: HTTPConnectionPool(host='localhost', port=11434): Read timed out. (read timeout=30)
[2025-05-10 09:45:55] Nachricht gesendet: üëÅÔ∏è Der Charakter-Look ist echt cool - tolle Detail...
[2025-05-10 09:45:55] Fallback-Bildkommentar gesendet: Der Charakter-Look ist echt cool - tolle Details!...
[2025-05-10 09:45:58] Antwort von Ollama erhalten: Ein Mann ging in ein Restaurant und bat den Kellne...
[2025-05-10 09:45:58] Nachricht gesendet: üé≠ Ein Mann ging in ein Restaurant und bat den Kell...
[2025-05-10 09:45:58] Witz gesendet: Ein Mann ging in ein Restaurant und bat den Kellne...
[2025-05-10 09:47:25] Nachricht gesendet: ‚ùì Du hast eine Frage? Benutze !frag zephyr gefolgt...
[2025-05-10 09:47:25] Befehlserinnerung gesendet: ‚ùì Du hast eine Frage? Benutze !frag zephyr gefolgt von deiner Frage!
[2025-05-10 09:47:55] Spielstand geladen: {'spiel': 'Unbekannt', 'ort': 'Unbekannt', 'tode': 0, 'level': 1, 'spielzeit': '00:00:00'}
[2025-05-10 09:48:58] Sende an Ollama: Erz√§hle einen kurzen, lustigen Witz....
[2025-05-10 09:49:25] Antwort von Ollama erhalten: Ein Lehrer spricht zu seiner Klasse: "Wenn ein Zir...
[2025-05-10 09:49:25] Nachricht gesendet: üé≠ Ein Lehrer spricht zu seiner Klasse: "Wenn ein Z...
[2025-05-10 09:49:25] Witz gesendet: Ein Lehrer spricht zu seiner Klasse: "Wenn ein Zir...
[2025-05-10 09:50:11] Nachricht: Nightbot: Wie Austin Powers sagen w√ºrde. Benimm dich!
[2025-05-10 09:50:25] Spielstand geladen: {'spiel': 'Unbekannt', 'ort': 'Unbekannt', 'tode': 0, 'level': 1, 'spielzeit': '00:00:00'}
[2025-05-10 09:50:25] Sende an Ollama: Du bist ein Twitch-Bot namens zephyr. Der Streamer...
[2025-05-10 09:50:30] Nachricht: Nightbot: https://linktr.ee/derleiti
[2025-05-10 09:50:55] ERROR: Ausnahme bei Ollama-Anfrage
[2025-05-10 09:50:55] Exception: HTTPConnectionPool(host='localhost', port=11434): Read timed out. (read timeout=30)
[2025-05-10 09:50:55] Nachricht gesendet: üëÅÔ∏è Diese Perspektive bietet einen tollen Blick auf...
[2025-05-10 09:50:55] Fallback-Bildkommentar gesendet: Diese Perspektive bietet einen tollen Blick auf di...
[2025-05-10 09:51:55] Spielstand geladen: {'spiel': 'Unbekannt', 'ort': 'Unbekannt', 'tode': 0, 'level': 1, 'spielzeit': '00:00:00'}
[2025-05-10 09:52:25] Sende an Ollama: Erz√§hle einen kurzen, lustigen Witz....
[2025-05-10 09:52:56] Antwort von Ollama erhalten: Ein Elefant ging eines Tages zu einem Hund und fra...
[2025-05-10 09:52:56] Nachricht gesendet: üé≠ Ein Elefant ging eines Tages zu einem Hund und f...
[2025-05-10 09:52:56] Witz gesendet: Ein Elefant ging eines Tages zu einem Hund und fra...
[2025-05-10 09:55:15] Nachricht: Nightbot: Wie Austin Powers sagen w√ºrde. Benimm dich!
[2025-05-10 09:55:25] Spielstand geladen: {'spiel': 'Unbekannt', 'ort': 'Unbekannt', 'tode': 0, 'level': 1, 'spielzeit': '00:00:00'}
[2025-05-10 09:55:25] Sende an Ollama: Du bist ein Twitch-Bot namens zephyr. Der Streamer...
[2025-05-10 09:55:33] Nachricht: Nightbot: https://linktr.ee/derleiti
[2025-05-10 09:55:55] ERROR: Ausnahme bei Ollama-Anfrage
[2025-05-10 09:55:55] Exception: HTTPConnectionPool(host='localhost', port=11434): Read timed out. (read timeout=30)
[2025-05-10 09:55:55] Nachricht gesendet: üëÅÔ∏è Der Charakter-Look ist echt cool - tolle Detail...
[2025-05-10 09:55:55] Fallback-Bildkommentar gesendet: Der Charakter-Look ist echt cool - tolle Details!...
[2025-05-10 09:55:55] Spielstand geladen: {'spiel': 'Unbekannt', 'ort': 'Unbekannt', 'tode': 0, 'level': 1, 'spielzeit': '00:00:00'}
[2025-05-10 09:55:56] Sende an Ollama: Erz√§hle einen kurzen, lustigen Witz....
[2025-05-10 09:56:14] Antwort von Ollama erhalten: Ein Mann geht in ein Gesch√§ft und fragt den Verk√§u...
[2025-05-10 09:56:14] Nachricht gesendet: üé≠ Ein Mann geht in ein Gesch√§ft und fragt den Verk...
[2025-05-10 09:56:14] Witz gesendet: Ein Mann geht in ein Gesch√§ft und fragt den Verk√§u...
[2025-05-10 09:57:25] Nachricht gesendet: üñºÔ∏è Mit !bild oder !scene kommentiere ich das aktue...
[2025-05-10 09:57:25] Befehlserinnerung gesendet: üñºÔ∏è Mit !bild oder !scene kommentiere ich das aktuelle Bild im Stream.
[2025-05-10 09:59:14] Sende an Ollama: Erz√§hle einen kurzen, lustigen Witz....
[2025-05-10 09:59:44] ERROR: Ausnahme bei Ollama-Anfrage
[2025-05-10 09:59:44] Exception: HTTPConnectionPool(host='localhost', port=11434): Read timed out. (read timeout=30)
[2025-05-10 09:59:44] Nachricht gesendet: üé≠ Warum hat der Mathematiker seine Frau verlassen?...
[2025-05-10 09:59:44] Fallback-Witz gesendet: Warum hat der Mathematiker seine Frau verlassen? S...
[2025-05-10 09:59:55] Spielstand geladen: {'spiel': 'Unbekannt', 'ort': 'Unbekannt', 'tode': 0, 'level': 1, 'spielzeit': '00:00:00'}
[2025-05-10 10:00:24] Nachricht: Nightbot: Wie Austin Powers sagen w√ºrde. Benimm dich!
[2025-05-10 09:33:36] Nachricht: StreamElements: Thank you for following einbaum124 :)
[2025-05-10 09:33:36] Nachricht gesendet: Hallo StreamElements! Danke, dass du vorbeischaust...
[2025-05-10 09:33:36] Neuer Zuschauer begr√º√üt: StreamElements
[2025-05-10 09:35:15] Nachricht: Nightbot: Wie Austin Powers sagen w√ºrde. Benimm dich!
[2025-05-10 09:35:25] Spielstand geladen: {'spiel': 'Unbekannt', 'ort': 'Unbekannt', 'tode': 0, 'level': 1, 'spielzeit': '00:00:00'}
[2025-05-10 09:35:25] Sende an Ollama: Du bist ein Twitch-Bot namens zephyr. Der Streamer...
[2025-05-10 09:35:31] Nachricht: Nightbot: https://linktr.ee/derleiti
[2025-05-10 09:35:37] Sende an Ollama: Erz√§hle einen kurzen, lustigen Witz....
[2025-05-10 09:35:55] ERROR: Ausnahme bei Ollama-Anfrage
[2025-05-10 09:35:55] Nachricht gesendet: üëÅÔ∏è Der Charakter-Look ist echt cool - tolle Detail...
[2025-05-10 09:35:55] Fallback-Bildkommentar gesendet: Der Charakter-Look ist echt cool - tolle Details!...
[2025-05-10 09:35:55] Spielstand geladen: {'spiel': 'Unbekannt', 'ort': 'Unbekannt', 'tode': 0, 'level': 1, 'spielzeit': '00:00:00'}
[2025-05-10 09:36:00] Antwort von Ollama erhalten: Ein Elefant ging eines Tages in ein Supermarkt und...
[2025-05-10 09:36:00] Nachricht gesendet: üé≠ Ein Elefant ging eines Tages in ein Supermarkt u...
[2025-05-10 09:36:00] Witz gesendet: Ein Elefant ging eines Tages in ein Supermarkt und...
[2025-05-10 09:37:25] Nachricht gesendet: üéÆ Verwende !info f√ºr aktuelle Spielinfos oder !sta...
[2025-05-10 09:37:25] Befehlserinnerung gesendet: üéÆ Verwende !info f√ºr aktuelle Spielinfos oder !stats f√ºr Statistiken.
[2025-05-10 09:39:00] Sende an Ollama: Erz√§hle einen kurzen, lustigen Witz....
[2025-05-10 09:39:14] Antwort von Ollama erhalten: Ein Mann ging in eine Bar und bestellte zwei Bier....
[2025-05-10 09:39:14] Nachricht gesendet: üé≠ Ein Mann ging in eine Bar und bestellte zwei Bie...
[2025-05-10 09:39:14] Witz gesendet: Ein Mann ging in eine Bar und bestellte zwei Bier....
[2025-05-10 09:39:55] Spielstand geladen: {'spiel': 'Unbekannt', 'ort': 'Unbekannt', 'tode': 0, 'level': 1, 'spielzeit': '00:00:00'}
[2025-05-10 09:40:22] Nachricht: Nightbot: Wie Austin Powers sagen w√ºrde. Benimm dich!
[2025-05-10 09:40:25] Spielstand geladen: {'spiel': 'Unbekannt', 'ort': 'Unbekannt', 'tode': 0, 'level': 1, 'spielzeit': '00:00:00'}
[2025-05-10 09:40:25] Sende an Ollama: Du bist ein Twitch-Bot namens zephyr. Der Streamer...
[2025-05-10 09:40:42] Nachricht: Nightbot: https://linktr.ee/derleiti
[2025-05-10 09:40:55] ERROR: Ausnahme bei Ollama-Anfrage
[2025-05-10 09:40:55] Nachricht gesendet: üëÅÔ∏è Das Interface ist wirklich √ºbersichtlich gestal...
[2025-05-10 09:40:55] Fallback-Bildkommentar gesendet: Das Interface ist wirklich √ºbersichtlich gestaltet...
[2025-05-10 09:42:14] Sende an Ollama: Erz√§hle einen kurzen, lustigen Witz....
[2025-05-10 09:42:32] Antwort von Ollama erhalten: Tragt mir bitte die Hose an! - war der letzte Satz...
[2025-05-10 09:42:32] Nachricht gesendet: üé≠ Tragt mir bitte die Hose an! - war der letzte Sa...
[2025-05-10 09:42:32] Witz gesendet: Tragt mir bitte die Hose an! - war der letzte Satz...
[2025-05-10 09:43:55] Spielstand geladen: {'spiel': 'Unbekannt', 'ort': 'Unbekannt', 'tode': 0, 'level': 1, 'spielzeit': '00:00:00'}
[2025-05-10 09:45:17] Nachricht: Nightbot: Wie Austin Powers sagen w√ºrde. Benimm dich!
[2025-05-10 09:45:25] Spielstand geladen: {'spiel': 'Unbekannt', 'ort': 'Unbekannt', 'tode': 0, 'level': 1, 'spielzeit': '00:00:00'}
[2025-05-10 09:45:25] Sende an Ollama: Du bist ein Twitch-Bot namens zephyr. Der Streamer...
[2025-05-10 09:45:32] Sende an Ollama: Erz√§hle einen kurzen, lustigen Witz....
[2025-05-10 09:45:37] Nachricht: Nightbot: https://linktr.ee/derleiti
[2025-05-10 09:45:55] ERROR: Ausnahme bei Ollama-Anfrage
[2025-05-10 09:45:55] Nachricht gesendet: üëÅÔ∏è Der Charakter-Look ist echt cool - tolle Detail...
[2025-05-10 09:45:55] Fallback-Bildkommentar gesendet: Der Charakter-Look ist echt cool - tolle Details!...
[2025-05-10 09:45:58] Antwort von Ollama erhalten: Ein Mann ging in ein Restaurant und bat den Kellne...
[2025-05-10 09:45:58] Nachricht gesendet: üé≠ Ein Mann ging in ein Restaurant und bat den Kell...
[2025-05-10 09:45:58] Witz gesendet: Ein Mann ging in ein Restaurant und bat den Kellne...
[2025-05-10 09:47:25] Nachricht gesendet: ‚ùì Du hast eine Frage? Benutze !frag zephyr gefolgt...
[2025-05-10 09:47:25] Befehlserinnerung gesendet: ‚ùì Du hast eine Frage? Benutze !frag zephyr gefolgt von deiner Frage!
[2025-05-10 09:47:55] Spielstand geladen: {'spiel': 'Unbekannt', 'ort': 'Unbekannt', 'tode': 0, 'level': 1, 'spielzeit': '00:00:00'}
[2025-05-10 09:48:58] Sende an Ollama: Erz√§hle einen kurzen, lustigen Witz....
[2025-05-10 09:49:25] Antwort von Ollama erhalten: Ein Lehrer spricht zu seiner Klasse: "Wenn ein Zir...
[2025-05-10 09:49:25] Nachricht gesendet: üé≠ Ein Lehrer spricht zu seiner Klasse: "Wenn ein Z...
[2025-05-10 09:49:25] Witz gesendet: Ein Lehrer spricht zu seiner Klasse: "Wenn ein Zir...
[2025-05-10 09:50:11] Nachricht: Nightbot: Wie Austin Powers sagen w√ºrde. Benimm dich!
[2025-05-10 09:50:25] Spielstand geladen: {'spiel': 'Unbekannt', 'ort': 'Unbekannt', 'tode': 0, 'level': 1, 'spielzeit': '00:00:00'}
[2025-05-10 09:50:25] Sende an Ollama: Du bist ein Twitch-Bot namens zephyr. Der Streamer...
[2025-05-10 09:50:30] Nachricht: Nightbot: https://linktr.ee/derleiti
[2025-05-10 09:50:55] ERROR: Ausnahme bei Ollama-Anfrage
[2025-05-10 09:50:55] Nachricht gesendet: üëÅÔ∏è Diese Perspektive bietet einen tollen Blick auf...
[2025-05-10 09:50:55] Fallback-Bildkommentar gesendet: Diese Perspektive bietet einen tollen Blick auf di...
[2025-05-10 09:51:55] Spielstand geladen: {'spiel': 'Unbekannt', 'ort': 'Unbekannt', 'tode': 0, 'level': 1, 'spielzeit': '00:00:00'}
[2025-05-10 09:52:25] Sende an Ollama: Erz√§hle einen kurzen, lustigen Witz....
[2025-05-10 09:52:56] Antwort von Ollama erhalten: Ein Elefant ging eines Tages zu einem Hund und fra...
[2025-05-10 09:52:56] Nachricht gesendet: üé≠ Ein Elefant ging eines Tages zu einem Hund und f...
[2025-05-10 09:52:56] Witz gesendet: Ein Elefant ging eines Tages zu einem Hund und fra...
[2025-05-10 09:55:15] Nachricht: Nightbot: Wie Austin Powers sagen w√ºrde. Benimm dich!
[2025-05-10 09:55:25] Spielstand geladen: {'spiel': 'Unbekannt', 'ort': 'Unbekannt', 'tode': 0, 'level': 1, 'spielzeit': '00:00:00'}
[2025-05-10 09:55:25] Sende an Ollama: Du bist ein Twitch-Bot namens zephyr. Der Streamer...
[2025-05-10 09:55:33] Nachricht: Nightbot: https://linktr.ee/derleiti
[2025-05-10 09:55:55] ERROR: Ausnahme bei Ollama-Anfrage
[2025-05-10 09:55:55] Nachricht gesendet: üëÅÔ∏è Der Charakter-Look ist echt cool - tolle Detail...
[2025-05-10 09:55:55] Fallback-Bildkommentar gesendet: Der Charakter-Look ist echt cool - tolle Details!...
[2025-05-10 09:55:55] Spielstand geladen: {'spiel': 'Unbekannt', 'ort': 'Unbekannt', 'tode': 0, 'level': 1, 'spielzeit': '00:00:00'}
[2025-05-10 09:55:56] Sende an Ollama: Erz√§hle einen kurzen, lustigen Witz....
[2025-05-10 09:56:14] Antwort von Ollama erhalten: Ein Mann geht in ein Gesch√§ft und fragt den Verk√§u...
[2025-05-10 09:56:14] Nachricht gesendet: üé≠ Ein Mann geht in ein Gesch√§ft und fragt den Verk...
[2025-05-10 09:56:14] Witz gesendet: Ein Mann geht in ein Gesch√§ft und fragt den Verk√§u...
[2025-05-10 09:57:25] Nachricht gesendet: üñºÔ∏è Mit !bild oder !scene kommentiere ich das aktue...
[2025-05-10 09:57:25] Befehlserinnerung gesendet: üñºÔ∏è Mit !bild oder !scene kommentiere ich das aktuelle Bild im Stream.
[2025-05-10 09:59:14] Sende an Ollama: Erz√§hle einen kurzen, lustigen Witz....
[2025-05-10 09:59:44] ERROR: Ausnahme bei Ollama-Anfrage
[2025-05-10 09:59:44] Nachricht gesendet: üé≠ Warum hat der Mathematiker seine Frau verlassen?...
[2025-05-10 09:59:44] Fallback-Witz gesendet: Warum hat der Mathematiker seine Frau verlassen? S...
[2025-05-10 09:59:55] Spielstand geladen: {'spiel': 'Unbekannt', 'ort': 'Unbekannt', 'tode': 0, 'level': 1, 'spielzeit': '00:00:00'}
[2025-05-10 10:00:24] Nachricht: Nightbot: Wie Austin Powers sagen w√ºrde. Benimm dich!
[2025-05-10 10:00:25] Spielstand geladen: {'spiel': 'Unbekannt', 'ort': 'Unbekannt', 'tode': 0, 'level': 1, 'spielzeit': '00:00:00'}
[2025-05-10 10:00:25] Sende an Ollama: Du bist ein Twitch-Bot namens zephyr. Der Streamer...
[2025-05-10 10:00:49] Nachricht: Nightbot: https://linktr.ee/derleiti
[2025-05-10 10:00:55] ERROR: Ausnahme bei Ollama-Anfrage
[2025-05-10 10:00:55] Exception: HTTPConnectionPool(host='localhost', port=11434): Read timed out. (read timeout=30)
[2025-05-10 10:00:55] Nachricht gesendet: üëÅÔ∏è Dieser Ort im Spiel ist wundersch√∂n designt!...
[2025-05-10 10:00:55] Fallback-Bildkommentar gesendet: Dieser Ort im Spiel ist wundersch√∂n designt!...
[2025-05-10 10:02:44] Sende an Ollama: Erz√§hle einen kurzen, lustigen Witz....
[2025-05-10 10:03:09] Antwort von Ollama erhalten: Ein Maler war gerade an einer grossartigen Landsch...
[2025-05-10 10:03:09] Nachricht gesendet: üé≠ Ein Maler war gerade an einer grossartigen Lands...
[2025-05-10 10:03:09] Witz gesendet: Ein Maler war gerade an einer grossartigen Landsch...
[2025-05-10 10:03:55] Spielstand geladen: {'spiel': 'Unbekannt', 'ort': 'Unbekannt', 'tode': 0, 'level': 1, 'spielzeit': '00:00:00'}
[2025-05-10 10:05:16] Nachricht: Nightbot: Wie Austin Powers sagen w√ºrde. Benimm dich!
[2025-05-10 10:05:25] Spielstand geladen: {'spiel': 'Unbekannt', 'ort': 'Unbekannt', 'tode': 0, 'level': 1, 'spielzeit': '00:00:00'}
[2025-05-10 10:05:25] Sende an Ollama: Du bist ein Twitch-Bot namens zephyr. Der Streamer...
[2025-05-10 10:05:32] Nachricht: Nightbot: https://linktr.ee/derleiti
[2025-05-10 10:05:55] ERROR: Ausnahme bei Ollama-Anfrage
[2025-05-10 10:05:55] Exception: HTTPConnectionPool(host='localhost', port=11434): Read timed out. (read timeout=30)
[2025-05-10 10:05:55] Nachricht gesendet: üëÅÔ∏è Die Animationen sind super fl√ºssig!...
[2025-05-10 10:05:55] Fallback-Bildkommentar gesendet: Die Animationen sind super fl√ºssig!...
[2025-05-10 10:06:09] Sende an Ollama: Erz√§hle einen kurzen, lustigen Witz....
[2025-05-10 10:06:36] Antwort von Ollama erhalten: Ein Mann ging in eine Friseursalon und sagte: "K√∂n...
[2025-05-10 10:06:36] Nachricht gesendet: üé≠ Ein Mann ging in eine Friseursalon und sagte: "K...
[2025-05-10 10:06:36] Witz gesendet: Ein Mann ging in eine Friseursalon und sagte: "K√∂n...
Sa 10. Mai 10:06:51 CEST 2025 - Bot wurde f√ºr Update gestoppt.
[2025-05-10 10:08:57] PID-Datei erstellt: 120556
[2025-05-10 10:08:57] zephyr Twitch-Bot wird gestartet...
[2025-05-10 10:08:57] Ollama API Version: {'version': '0.6.8'}
[2025-05-10 10:08:57] Sende an Ollama: Sage 'Der Bot funktioniert!'...
[2025-05-10 10:09:26] Antwort von Ollama erhalten: Das saget, dass die Funktion korrekt und erfolgrei...
[2025-05-10 10:09:26] Test-Antwort: Das saget, dass die Funktion korrekt und erfolgreicht ist. Es kann auf Deutsch √ºbersetzt werden als: "Salve 'Die Funktion funktioniert!'" oder "Lob 'D...
[2025-05-10 10:09:26] Verbinde mit irc.chat.twitch.tv:6667...
[2025-05-10 10:09:26] Erfolgreich authentifiziert!
[2025-05-10 10:09:26] Kanal #derleiti beigetreten
[2025-05-10 10:09:27] Nicht verbunden beim Senden der Nachricht
[2025-05-10 10:09:27] Nachrichtenempf√§nger gestartet
[2025-05-10 10:09:27] Automatischer Witz-Thread gestartet - Intervall: 180 Sekunden
[2025-05-10 10:09:27] Automatischer Kommentar-Thread gestartet - Intervall: 240 Sekunden
[2025-05-10 10:09:27] Automatischer Bildkommentar-Thread gestartet - Intervall: 300 Sekunden
[2025-05-10 10:09:27] Befehlserinnerungs-Thread gestartet - Intervall: 600 Sekunden
[2025-05-10 10:09:27] Statistik-Worker gestartet
[2025-05-10 10:09:27] Verbindungs-Watchdog gestartet
[2025-05-10 10:09:27] Bot l√§uft jetzt...
[2025-05-10 10:09:37] Sende an Ollama: Erz√§hle einen kurzen, lustigen Witz. Mach ihn beso...
[2025-05-10 10:10:07] ERROR: Ausnahme bei Ollama-Anfrage
[2025-05-10 10:10:07] Exception: HTTPConnectionPool(host='localhost', port=11434): Read timed out. (read timeout=30)
[2025-05-10 10:10:07] Nachricht gesendet: üé≠ Was ist schwarz-wei√ü und kommt nicht vom Fleck? ...
[2025-05-10 10:10:07] Fallback-Witz gesendet: Was ist schwarz-wei√ü und kommt nicht vom Fleck? Ei...
[2025-05-10 10:10:21] Nachricht: Nightbot: Wie Austin Powers sagen w√ºrde. Benimm dich!
[2025-05-10 10:10:38] Nachricht: Nightbot: https://linktr.ee/derleiti
[2025-05-10 10:11:27] Nachricht gesendet: üìã Verf√ºgbare Befehle: !witz, !info, !stats, !hilfe...
[2025-05-10 10:11:27] Befehlserinnerung gesendet: üìã Verf√ºgbare Befehle: !witz, !info, !stats, !hilfe, !bild, !spiel NAME, !ort NAME, !tod, !level X, !frag zephyr ...
[2025-05-10 10:13:07] Sende an Ollama: Erz√§hle einen kurzen, lustigen Witz. Mach ihn beso...
[2025-05-10 10:13:37] ERROR: Ausnahme bei Ollama-Anfrage
[2025-05-10 10:13:37] Exception: HTTPConnectionPool(host='localhost', port=11434): Read timed out. (read timeout=30)
[2025-05-10 10:13:37] Nachricht gesendet: üé≠ Warum k√∂nnen Skelette so schlecht l√ºgen? Man sie...
[2025-05-10 10:13:37] Fallback-Witz gesendet: Warum k√∂nnen Skelette so schlecht l√ºgen? Man sieht...
[2025-05-10 10:13:57] Sende an Ollama: Du bist ein Twitch-Bot namens zephyr. Der Streamer...
[2025-05-10 10:14:27] ERROR: Ausnahme bei Ollama-Anfrage
[2025-05-10 10:14:27] Exception: HTTPConnectionPool(host='localhost', port=11434): Read timed out. (read timeout=30)
[2025-05-10 10:14:27] Nachricht gesendet: üëÅÔ∏è Die Monster-Designs sind wirklich kreativ und f...
[2025-05-10 10:14:27] Fallback-Bildkommentar gesendet: Die Monster-Designs sind wirklich kreativ und furc...
[2025-05-10 10:15:11] Nachricht: Nightbot: Wie Austin Powers sagen w√ºrde. Benimm dich!
[2025-05-10 10:15:31] Nachricht: Nightbot: https://linktr.ee/derleiti
[2025-05-10 10:16:38] Sende an Ollama: Erz√§hle einen kurzen, lustigen Witz. Mach ihn beso...
[2025-05-10 10:17:08] ERROR: Ausnahme bei Ollama-Anfrage
[2025-05-10 10:17:08] Exception: HTTPConnectionPool(host='localhost', port=11434): Read timed out. (read timeout=30)
[2025-05-10 10:17:08] Nachricht gesendet: üé≠ Was macht ein Pirat beim Camping? Er schl√§gt sei...
[2025-05-10 10:17:08] Fallback-Witz gesendet: Was macht ein Pirat beim Camping? Er schl√§gt sein ...
[2025-05-10 10:18:57] Sende an Ollama: Du bist ein Twitch-Bot namens zephyr. Der Streamer...
[2025-05-10 10:19:27] ERROR: Ausnahme bei Ollama-Anfrage
[2025-05-10 10:19:27] Exception: HTTPConnectionPool(host='localhost', port=11434): Read timed out. (read timeout=30)
[2025-05-10 10:19:27] Nachricht gesendet: üëÅÔ∏è Die Charakterausdr√ºcke sind so gut animiert - m...
[2025-05-10 10:19:27] Fallback-Bildkommentar gesendet: Die Charakterausdr√ºcke sind so gut animiert - man ...
[2025-05-10 10:20:08] Sende an Ollama: Erz√§hle einen kurzen, lustigen Witz. Mach ihn beso...
[2025-05-10 10:20:18] Nachricht: Nightbot: Wie Austin Powers sagen w√ºrde. Benimm dich!
[2025-05-10 10:20:38] ERROR: Ausnahme bei Ollama-Anfrage
[2025-05-10 10:20:38] Exception: HTTPConnectionPool(host='localhost', port=11434): Read timed out. (read timeout=30)
[2025-05-10 10:20:38] Nachricht gesendet: üé≠ Wie nennt man einen Cowboy ohne Pferd? Sattelsch...
[2025-05-10 10:20:38] Fallback-Witz gesendet: Wie nennt man einen Cowboy ohne Pferd? Sattelschle...
[2025-05-10 10:20:39] Nachricht: Nightbot: https://linktr.ee/derleiti
[2025-05-10 10:21:28] Nachricht gesendet: üëã Neu hier? Mit !witz bekommst du einen zuf√§lligen...
[2025-05-10 10:21:28] Befehlserinnerung gesendet: üëã Neu hier? Mit !witz bekommst du einen zuf√§lligen Witz von mir!
[2025-05-10 10:23:38] Sende an Ollama: Erz√§hle einen kurzen, lustigen Witz. Mach ihn beso...
[2025-05-10 10:23:57] Sende an Ollama: Du bist ein Twitch-Bot namens zephyr. Der Streamer...
[2025-05-10 10:24:08] ERROR: Ausnahme bei Ollama-Anfrage
[2025-05-10 10:24:08] Exception: HTTPConnectionPool(host='localhost', port=11434): Read timed out. (read timeout=30)
[2025-05-10 10:24:08] Nachricht gesendet: üé≠ Treffen sich zwei Kerzen: 'Gehen wir heute aus?'...
[2025-05-10 10:24:08] Fallback-Witz gesendet: Treffen sich zwei Kerzen: 'Gehen wir heute aus?'...
[2025-05-10 10:24:28] ERROR: Ausnahme bei Ollama-Anfrage
[2025-05-10 10:24:28] Exception: HTTPConnectionPool(host='localhost', port=11434): Read timed out. (read timeout=30)
[2025-05-10 10:24:28] Nachricht gesendet: üëÅÔ∏è Diese Perspektive bietet einen tollen Blick auf...
[2025-05-10 10:24:28] Fallback-Bildkommentar gesendet: Diese Perspektive bietet einen tollen Blick auf di...
[2025-05-10 10:25:09] Nachricht: Nightbot: Wie Austin Powers sagen w√ºrde. Benimm dich!
[2025-05-10 10:25:26] Nachricht: Nightbot: https://linktr.ee/derleiti
[2025-05-10 10:44:39] PID-Datei erstellt: 250305
[2025-05-10 10:44:39] zephyr Twitch-Bot wird gestartet...
[2025-05-10 10:44:39] Ollama API Version: {'version': '0.6.8'}
[2025-05-10 10:44:39] Sende an Ollama: Sage 'Der Bot funktioniert!'...
[2025-05-10 10:44:39] ERROR: Fehler bei Ollama-Anfrage: Status 404
[2025-05-10 10:44:39] ERROR: Ollama-Test fehlgeschlagen. Verwende Fallback-Antworten.
[2025-05-10 10:44:39] Verbinde mit irc.chat.twitch.tv:6667...
[2025-05-10 10:44:40] Erfolgreich authentifiziert!
[2025-05-10 10:44:40] Kanal #derleiti beigetreten
[2025-05-10 10:44:41] Nicht verbunden beim Senden der Nachricht
[2025-05-10 10:44:41] Nachrichtenempf√§nger gestartet
[2025-05-10 10:44:41] Automatischer Witz-Thread gestartet - Intervall: 180 Sekunden
[2025-05-10 10:44:41] Automatischer Kommentar-Thread gestartet - Intervall: 240 Sekunden
[2025-05-10 10:44:41] Automatischer Bildkommentar-Thread gestartet - Intervall: 300 Sekunden
[2025-05-10 10:44:41] Befehlserinnerungs-Thread gestartet - Intervall: 600 Sekunden
[2025-05-10 10:44:41] Statistik-Worker gestartet
[2025-05-10 10:44:41] Verbindungs-Watchdog gestartet
[2025-05-10 10:44:41] Bot l√§uft jetzt...
[2025-05-10 10:44:51] Sende an Ollama: Erz√§hle einen kurzen, lustigen Witz. Mach ihn beso...
[2025-05-10 10:44:51] ERROR: Fehler bei Ollama-Anfrage: Status 404
[2025-05-10 10:44:51] Nachricht gesendet: üé≠ Treffen sich zwei J√§ger im Wald. Beide tot....
[2025-05-10 10:44:51] Fallback-Witz gesendet: Treffen sich zwei J√§ger im Wald. Beide tot....
[2025-05-10 10:46:41] Nachricht gesendet: üìã Verf√ºgbare Befehle: !witz, !info, !stats, !hilfe...
[2025-05-10 10:46:41] Befehlserinnerung gesendet: üìã Verf√ºgbare Befehle: !witz, !info, !stats, !hilfe, !bild, !spiel NAME, !ort NAME, !tod, !level X, !frag zephyr ...
[2025-05-10 10:47:51] Sende an Ollama: Erz√§hle einen kurzen, lustigen Witz. Mach ihn beso...
[2025-05-10 10:47:51] ERROR: Fehler bei Ollama-Anfrage: Status 404
[2025-05-10 10:47:51] Nachricht gesendet: üé≠ Was macht ein Pirat beim Camping? Er schl√§gt sei...
[2025-05-10 10:47:51] Fallback-Witz gesendet: Was macht ein Pirat beim Camping? Er schl√§gt sein ...
[2025-05-10 10:48:54] Nachricht: derleiti: !frag zephyr wie gehts
[2025-05-10 10:48:54] Sende an Ollama: Du bist ein Twitch-Bot namens zephyr. Beantworte f...
[2025-05-10 10:48:54] Nachricht gesendet: Hey, derleiti ist eingetroffen! Lass dir ein virtu...
[2025-05-10 10:48:54] Neuer Zuschauer begr√º√üt: derleiti
[2025-05-10 10:48:54] ERROR: Fehler bei Ollama-Anfrage: Status 404
[2025-05-10 10:48:54] Nachricht gesendet: @derleiti Entschuldige, ich konnte keine Antwort g...
[2025-05-10 10:49:41] Sende an Ollama: Du bist ein Twitch-Bot namens zephyr. Der Streamer...
[2025-05-10 10:49:41] ERROR: Fehler bei Ollama-Anfrage: Status 404
[2025-05-10 10:49:41] Nachricht gesendet: üëÅÔ∏è Die Texturaufl√∂sung ist beeindruckend - selbst ...
[2025-05-10 10:49:41] Fallback-Bildkommentar gesendet: Die Texturaufl√∂sung ist beeindruckend - selbst kle...
[2025-05-10 10:50:13] Nachricht: derleiti: !frag zephyr wie gehts
[2025-05-10 10:50:13] Sende an Ollama: Du bist ein Twitch-Bot namens zephyr. Beantworte f...
[2025-05-10 10:50:13] ERROR: Fehler bei Ollama-Anfrage: Status 404
[2025-05-10 10:50:13] Nachricht gesendet: @derleiti Entschuldige, ich konnte keine Antwort g...
[2025-05-10 10:50:14] Nachricht: Nightbot: Wie Austin Powers sagen w√ºrde. Benimm dich!
[2025-05-10 10:50:33] Nachricht: Nightbot: https://linktr.ee/derleiti
[2025-05-10 10:50:51] Sende an Ollama: Erz√§hle einen kurzen, lustigen Witz. Mach ihn beso...
[2025-05-10 10:50:51] ERROR: Fehler bei Ollama-Anfrage: Status 404
[2025-05-10 10:50:51] Nachricht gesendet: üé≠ Warum hat der Mathematiker seine Frau verlassen?...
[2025-05-10 10:50:51] Fallback-Witz gesendet: Warum hat der Mathematiker seine Frau verlassen? S...
[2025-05-10 10:53:51] Sende an Ollama: Erz√§hle einen kurzen, lustigen Witz. Mach ihn beso...
[2025-05-10 10:53:51] ERROR: Fehler bei Ollama-Anfrage: Status 404
[2025-05-10 10:53:51] Nachricht gesendet: üé≠ Was ist gr√ºn und steht vor der T√ºr? Ein Klopfsal...
[2025-05-10 10:53:51] Fallback-Witz gesendet: Was ist gr√ºn und steht vor der T√ºr? Ein Klopfsalat...
[2025-05-10 10:54:41] Sende an Ollama: Du bist ein Twitch-Bot namens zephyr. Der Streamer...
[2025-05-10 10:54:41] ERROR: Fehler bei Ollama-Anfrage: Status 404
[2025-05-10 10:54:41] Nachricht gesendet: üëÅÔ∏è Dieser Screenshot k√∂nnte glatt als Wallpaper du...
[2025-05-10 10:54:41] Fallback-Bildkommentar gesendet: Dieser Screenshot k√∂nnte glatt als Wallpaper durch...
[2025-05-10 10:55:20] Nachricht: Nightbot: Wie Austin Powers sagen w√ºrde. Benimm dich!
[2025-05-10 10:55:36] Nachricht: Nightbot: https://linktr.ee/derleiti
[2025-05-10 10:56:41] Nachricht gesendet: üëã Neu hier? Mit !witz bekommst du einen zuf√§lligen...
[2025-05-10 10:56:41] Befehlserinnerung gesendet: üëã Neu hier? Mit !witz bekommst du einen zuf√§lligen Witz von mir!
[2025-05-10 10:56:51] Sende an Ollama: Erz√§hle einen kurzen, lustigen Witz. Mach ihn beso...
[2025-05-10 10:56:51] ERROR: Fehler bei Ollama-Anfrage: Status 404
[2025-05-10 10:56:51] Nachricht gesendet: üé≠ Warum k√∂nnen Skelette so schlecht l√ºgen? Man sie...
[2025-05-10 10:56:51] Fallback-Witz gesendet: Warum k√∂nnen Skelette so schlecht l√ºgen? Man sieht...
[2025-05-10 10:59:41] Sende an Ollama: Du bist ein Twitch-Bot namens zephyr. Der Streamer...
[2025-05-10 10:59:41] ERROR: Fehler bei Ollama-Anfrage: Status 404
[2025-05-10 10:59:41] Nachricht gesendet: üëÅÔ∏è Der Charakter-Look ist echt cool - tolle Detail...
[2025-05-10 10:59:41] Fallback-Bildkommentar gesendet: Der Charakter-Look ist echt cool - tolle Details!...
[2025-05-10 10:59:51] Sende an Ollama: Erz√§hle einen kurzen, lustigen Witz. Mach ihn beso...
[2025-05-10 10:59:51] ERROR: Fehler bei Ollama-Anfrage: Status 404
[2025-05-10 10:59:51] Nachricht gesendet: üé≠ Was ist rot und schlecht f√ºr die Z√§hne? Ein Zieg...
[2025-05-10 10:59:51] Fallback-Witz gesendet: Was ist rot und schlecht f√ºr die Z√§hne? Ein Ziegel...
[2025-05-10 11:00:28] Nachricht: Nightbot: Wie Austin Powers sagen w√ºrde. Benimm dich!
[2025-05-10 11:00:51] Nachricht: Nightbot: https://linktr.ee/derleiti
[2025-05-10 11:02:00] Nachricht: derleiti: üé≠ Was ist rot und schlecht f√ºr die Z√§hne? Ein Ziegelstein.
[2025-05-10 11:02:51] Sende an Ollama: Erz√§hle einen kurzen, lustigen Witz. Mach ihn beso...
[2025-05-10 11:02:51] ERROR: Fehler bei Ollama-Anfrage: Status 404
[2025-05-10 11:02:51] Nachricht gesendet: üé≠ Warum k√∂nnen Skelette so schlecht l√ºgen? Man sie...
[2025-05-10 11:02:51] Fallback-Witz gesendet: Warum k√∂nnen Skelette so schlecht l√ºgen? Man sieht...
[2025-05-10 11:02:51] Nachricht: derleiti: Da ist ja derleiti! Sch√∂n, dass du den Weg zu uns gefunden hast!
[2025-05-10 11:03:22] Nachricht: derleiti: @zephyr ich will dich nur besser machen
[2025-05-10 11:03:50] Nachricht: derleiti: üìã Verf√ºgbare Befehle: !witz, !info, !stats, !hilfe, !bild, !spiel NAME, !ort NAME, !tod, !level X, !frag zephyr ...
[2025-05-10 11:04:41] Sende an Ollama: Du bist ein Twitch-Bot namens zephyr. Der Streamer...
[2025-05-10 11:04:41] ERROR: Fehler bei Ollama-Anfrage: Status 404
[2025-05-10 11:04:41] Nachricht gesendet: üëÅÔ∏è Die Monster-Designs sind wirklich kreativ und f...
[2025-05-10 11:04:41] Fallback-Bildkommentar gesendet: Die Monster-Designs sind wirklich kreativ und furc...
[2025-05-10 11:05:00] Nachricht: derleiti: üé≠ Warum hat der Mathematiker seine Frau verlassen? Sie hat etwas mit X gemacht.
[2025-05-10 11:05:15] Nachricht: Nightbot: Wie Austin Powers sagen w√ºrde. Benimm dich!
[2025-05-10 11:05:34] Nachricht: Nightbot: https://linktr.ee/derleiti
[2025-05-10 11:05:51] Sende an Ollama: Erz√§hle einen kurzen, lustigen Witz. Mach ihn beso...
[2025-05-10 11:05:51] ERROR: Fehler bei Ollama-Anfrage: Status 404
[2025-05-10 11:05:51] Nachricht gesendet: üé≠ Warum sollte man nie Poker mit einem Zauberer sp...
[2025-05-10 11:05:51] Fallback-Witz gesendet: Warum sollte man nie Poker mit einem Zauberer spie...
[2025-05-10 11:06:41] Nachricht gesendet: üéÆ Verwende !info f√ºr aktuelle Spielinfos oder !sta...
[2025-05-10 10:44:39] PID-Datei erstellt: 250305
[2025-05-10 10:44:39] zephyr Twitch-Bot wird gestartet...
[2025-05-10 10:44:39] Ollama API Version: {'version': '0.6.8'}
[2025-05-10 10:44:39] Sende an Ollama: Sage 'Der Bot funktioniert!'...
[2025-05-10 10:44:39] ERROR: Fehler bei Ollama-Anfrage: Status 404
[2025-05-10 10:44:39] ERROR: Ollama-Test fehlgeschlagen. Verwende Fallback-Antworten.
[2025-05-10 10:44:39] Verbinde mit irc.chat.twitch.tv:6667...
[2025-05-10 10:44:40] Erfolgreich authentifiziert!
[2025-05-10 10:44:40] Kanal #derleiti beigetreten
[2025-05-10 10:44:41] Nicht verbunden beim Senden der Nachricht
[2025-05-10 10:44:41] Nachrichtenempf√§nger gestartet
[2025-05-10 10:44:41] Automatischer Witz-Thread gestartet - Intervall: 180 Sekunden
[2025-05-10 10:44:41] Automatischer Kommentar-Thread gestartet - Intervall: 240 Sekunden
[2025-05-10 10:44:41] Automatischer Bildkommentar-Thread gestartet - Intervall: 300 Sekunden
[2025-05-10 10:44:41] Befehlserinnerungs-Thread gestartet - Intervall: 600 Sekunden
[2025-05-10 10:44:41] Statistik-Worker gestartet
[2025-05-10 10:44:41] Verbindungs-Watchdog gestartet
[2025-05-10 10:44:41] Bot l√§uft jetzt...
[2025-05-10 10:44:51] Sende an Ollama: Erz√§hle einen kurzen, lustigen Witz. Mach ihn beso...
[2025-05-10 10:44:51] ERROR: Fehler bei Ollama-Anfrage: Status 404
[2025-05-10 10:44:51] Nachricht gesendet: üé≠ Treffen sich zwei J√§ger im Wald. Beide tot....
[2025-05-10 10:44:51] Fallback-Witz gesendet: Treffen sich zwei J√§ger im Wald. Beide tot....
[2025-05-10 10:46:41] Nachricht gesendet: üìã Verf√ºgbare Befehle: !witz, !info, !stats, !hilfe...
[2025-05-10 10:46:41] Befehlserinnerung gesendet: üìã Verf√ºgbare Befehle: !witz, !info, !stats, !hilfe, !bild, !spiel NAME, !ort NAME, !tod, !level X, !frag zephyr ...
[2025-05-10 10:47:51] Sende an Ollama: Erz√§hle einen kurzen, lustigen Witz. Mach ihn beso...
[2025-05-10 10:47:51] ERROR: Fehler bei Ollama-Anfrage: Status 404
[2025-05-10 10:47:51] Nachricht gesendet: üé≠ Was macht ein Pirat beim Camping? Er schl√§gt sei...
[2025-05-10 10:47:51] Fallback-Witz gesendet: Was macht ein Pirat beim Camping? Er schl√§gt sein ...
[2025-05-10 10:48:54] Nachricht: derleiti: !frag zephyr wie gehts
[2025-05-10 10:48:54] Nachricht gesendet: Hey, derleiti ist eingetroffen! Lass dir ein virtu...
[2025-05-10 10:48:54] Sende an Ollama: Du bist ein Twitch-Bot namens zephyr. Beantworte f...
[2025-05-10 10:48:54] Neuer Zuschauer begr√º√üt: derleiti
[2025-05-10 10:48:54] ERROR: Fehler bei Ollama-Anfrage: Status 404
[2025-05-10 10:48:54] Nachricht gesendet: @derleiti Entschuldige, ich konnte keine Antwort g...
[2025-05-10 10:49:41] Sende an Ollama: Du bist ein Twitch-Bot namens zephyr. Der Streamer...
[2025-05-10 10:49:41] ERROR: Fehler bei Ollama-Anfrage: Status 404
[2025-05-10 10:49:41] Nachricht gesendet: üëÅÔ∏è Die Texturaufl√∂sung ist beeindruckend - selbst ...
[2025-05-10 10:49:41] Fallback-Bildkommentar gesendet: Die Texturaufl√∂sung ist beeindruckend - selbst kle...
[2025-05-10 10:50:13] Nachricht: derleiti: !frag zephyr wie gehts
[2025-05-10 10:50:13] Sende an Ollama: Du bist ein Twitch-Bot namens zephyr. Beantworte f...
[2025-05-10 10:50:13] ERROR: Fehler bei Ollama-Anfrage: Status 404
[2025-05-10 10:50:13] Nachricht gesendet: @derleiti Entschuldige, ich konnte keine Antwort g...
[2025-05-10 10:50:14] Nachricht: Nightbot: Wie Austin Powers sagen w√ºrde. Benimm dich!
[2025-05-10 10:50:33] Nachricht: Nightbot: https://linktr.ee/derleiti
[2025-05-10 10:50:51] Sende an Ollama: Erz√§hle einen kurzen, lustigen Witz. Mach ihn beso...
[2025-05-10 10:50:51] ERROR: Fehler bei Ollama-Anfrage: Status 404
[2025-05-10 10:50:51] Nachricht gesendet: üé≠ Warum hat der Mathematiker seine Frau verlassen?...
[2025-05-10 10:50:51] Fallback-Witz gesendet: Warum hat der Mathematiker seine Frau verlassen? S...
[2025-05-10 10:53:51] Sende an Ollama: Erz√§hle einen kurzen, lustigen Witz. Mach ihn beso...
[2025-05-10 10:53:51] ERROR: Fehler bei Ollama-Anfrage: Status 404
[2025-05-10 10:53:51] Nachricht gesendet: üé≠ Was ist gr√ºn und steht vor der T√ºr? Ein Klopfsal...
[2025-05-10 10:53:51] Fallback-Witz gesendet: Was ist gr√ºn und steht vor der T√ºr? Ein Klopfsalat...
[2025-05-10 10:54:41] Sende an Ollama: Du bist ein Twitch-Bot namens zephyr. Der Streamer...
[2025-05-10 10:54:41] ERROR: Fehler bei Ollama-Anfrage: Status 404
[2025-05-10 10:54:41] Nachricht gesendet: üëÅÔ∏è Dieser Screenshot k√∂nnte glatt als Wallpaper du...
[2025-05-10 10:54:41] Fallback-Bildkommentar gesendet: Dieser Screenshot k√∂nnte glatt als Wallpaper durch...
[2025-05-10 10:55:20] Nachricht: Nightbot: Wie Austin Powers sagen w√ºrde. Benimm dich!
[2025-05-10 10:55:36] Nachricht: Nightbot: https://linktr.ee/derleiti
[2025-05-10 10:56:41] Nachricht gesendet: üëã Neu hier? Mit !witz bekommst du einen zuf√§lligen...
[2025-05-10 10:56:41] Befehlserinnerung gesendet: üëã Neu hier? Mit !witz bekommst du einen zuf√§lligen Witz von mir!
[2025-05-10 10:56:51] Sende an Ollama: Erz√§hle einen kurzen, lustigen Witz. Mach ihn beso...
[2025-05-10 10:56:51] ERROR: Fehler bei Ollama-Anfrage: Status 404
[2025-05-10 10:56:51] Nachricht gesendet: üé≠ Warum k√∂nnen Skelette so schlecht l√ºgen? Man sie...
[2025-05-10 10:56:51] Fallback-Witz gesendet: Warum k√∂nnen Skelette so schlecht l√ºgen? Man sieht...
[2025-05-10 10:59:41] Sende an Ollama: Du bist ein Twitch-Bot namens zephyr. Der Streamer...
[2025-05-10 10:59:41] ERROR: Fehler bei Ollama-Anfrage: Status 404
[2025-05-10 10:59:41] Nachricht gesendet: üëÅÔ∏è Der Charakter-Look ist echt cool - tolle Detail...
[2025-05-10 10:59:41] Fallback-Bildkommentar gesendet: Der Charakter-Look ist echt cool - tolle Details!...
[2025-05-10 10:59:51] Sende an Ollama: Erz√§hle einen kurzen, lustigen Witz. Mach ihn beso...
[2025-05-10 10:59:51] ERROR: Fehler bei Ollama-Anfrage: Status 404
[2025-05-10 10:59:51] Nachricht gesendet: üé≠ Was ist rot und schlecht f√ºr die Z√§hne? Ein Zieg...
[2025-05-10 10:59:51] Fallback-Witz gesendet: Was ist rot und schlecht f√ºr die Z√§hne? Ein Ziegel...
[2025-05-10 11:00:28] Nachricht: Nightbot: Wie Austin Powers sagen w√ºrde. Benimm dich!
[2025-05-10 11:00:51] Nachricht: Nightbot: https://linktr.ee/derleiti
[2025-05-10 11:02:00] Nachricht: derleiti: üé≠ Was ist rot und schlecht f√ºr die Z√§hne? Ein Ziegelstein.
[2025-05-10 11:02:51] Sende an Ollama: Erz√§hle einen kurzen, lustigen Witz. Mach ihn beso...
[2025-05-10 11:02:51] ERROR: Fehler bei Ollama-Anfrage: Status 404
[2025-05-10 11:02:51] Nachricht gesendet: üé≠ Warum k√∂nnen Skelette so schlecht l√ºgen? Man sie...
[2025-05-10 11:02:51] Fallback-Witz gesendet: Warum k√∂nnen Skelette so schlecht l√ºgen? Man sieht...
[2025-05-10 11:02:51] Nachricht: derleiti: Da ist ja derleiti! Sch√∂n, dass du den Weg zu uns gefunden hast!
[2025-05-10 11:03:22] Nachricht: derleiti: @zephyr ich will dich nur besser machen
[2025-05-10 11:03:50] Nachricht: derleiti: üìã Verf√ºgbare Befehle: !witz, !info, !stats, !hilfe, !bild, !spiel NAME, !ort NAME, !tod, !level X, !frag zephyr ...
[2025-05-10 11:04:41] Sende an Ollama: Du bist ein Twitch-Bot namens zephyr. Der Streamer...
[2025-05-10 11:04:41] ERROR: Fehler bei Ollama-Anfrage: Status 404
[2025-05-10 11:04:41] Nachricht gesendet: üëÅÔ∏è Die Monster-Designs sind wirklich kreativ und f...
[2025-05-10 11:04:41] Fallback-Bildkommentar gesendet: Die Monster-Designs sind wirklich kreativ und furc...
[2025-05-10 11:05:00] Nachricht: derleiti: üé≠ Warum hat der Mathematiker seine Frau verlassen? Sie hat etwas mit X gemacht.
[2025-05-10 11:05:15] Nachricht: Nightbot: Wie Austin Powers sagen w√ºrde. Benimm dich!
[2025-05-10 11:05:34] Nachricht: Nightbot: https://linktr.ee/derleiti
[2025-05-10 11:05:51] Sende an Ollama: Erz√§hle einen kurzen, lustigen Witz. Mach ihn beso...
[2025-05-10 11:05:51] ERROR: Fehler bei Ollama-Anfrage: Status 404
[2025-05-10 11:05:51] Nachricht gesendet: üé≠ Warum sollte man nie Poker mit einem Zauberer sp...
[2025-05-10 11:05:51] Fallback-Witz gesendet: Warum sollte man nie Poker mit einem Zauberer spie...
[2025-05-10 11:06:41] Nachricht gesendet: üéÆ Verwende !info f√ºr aktuelle Spielinfos oder !sta...
[2025-05-10 11:06:41] Befehlserinnerung gesendet: üéÆ Verwende !info f√ºr aktuelle Spielinfos oder !stats f√ºr Statistiken.
[2025-05-10 11:06:50] Nachricht: derleiti: üëÅÔ∏è Die Grafik sieht wirklich fantastisch aus!
[2025-05-10 11:07:13] Nachricht gesendet: üí≠ Trainiere f√ºr die Bot-Olympiade in der Disziplin...
[2025-05-10 11:07:13] Zuf√§lliger Status gesendet: Trainiere f√ºr die Bot-Olympiade in der Disziplin '...
[2025-05-10 11:08:51] Sende an Ollama: Erz√§hle einen kurzen, lustigen Witz. Mach ihn beso...
[2025-05-10 11:08:51] ERROR: Fehler bei Ollama-Anfrage: Status 404
[2025-05-10 11:08:51] Nachricht gesendet: üé≠ Was macht ein Clown im B√ºro? Faxen!...
[2025-05-10 11:08:51] Fallback-Witz gesendet: Was macht ein Clown im B√ºro? Faxen!...
[2025-05-10 11:09:22] Nachricht: derleiti: üé≠ Wie nennt man einen Boomerang, der nicht zur√ºckkommt? Stock.
[2025-05-10 11:09:41] Sende an Ollama: Du bist ein Twitch-Bot namens zephyr. Der Streamer...
[2025-05-10 11:09:41] ERROR: Fehler bei Ollama-Anfrage: Status 404
[2025-05-10 11:09:41] Nachricht gesendet: üëÅÔ∏è Die Spezialeffekte sehen spektakul√§r aus!...
[2025-05-10 11:09:41] Fallback-Bildkommentar gesendet: Die Spezialeffekte sehen spektakul√§r aus!...
[2025-05-10 11:09:41] Nachricht: derleiti: Gr√º√ü dich, derleiti! Genie√üe den Stream!
[2025-05-10 11:09:52] Nachricht: derleiti: !frag zephyr wie gehts
[2025-05-10 11:09:52] Sende an Ollama: Du bist ein Twitch-Bot namens zephyr. Beantworte f...
[2025-05-10 11:09:52] ERROR: Fehler bei Ollama-Anfrage: Status 404
[2025-05-10 11:09:52] Nachricht gesendet: @derleiti Entschuldige, ich konnte keine Antwort g...
[2025-05-10 11:09:53] Nachricht: derleiti: @derleiti Entschuldige, ich konnte keine Antwort generieren. Versuche es sp√§ter noch einmal.
[2025-05-10 11:10:21] Nachricht: Nightbot: Wie Austin Powers sagen w√ºrde. Benimm dich!
[2025-05-10 11:10:40] Nachricht: Nightbot: https://linktr.ee/derleiti
[2025-05-10 11:11:12] Nachricht: derleiti: üìã Verf√ºgbare Befehle: !witz, !info, !stats, !hilfe, !bild, !spiel NAME, !ort NAME, !tod, !level X, !frag zephyr ...
[2025-05-10 11:11:51] Sende an Ollama: Erz√§hle einen kurzen, lustigen Witz. Mach ihn beso...
[2025-05-10 11:11:51] ERROR: Fehler bei Ollama-Anfrage: Status 404
[2025-05-10 11:11:51] Nachricht gesendet: üé≠ Kommt ein Pferd in die Bar. Fragt der Barkeeper:...
[2025-05-10 11:11:51] Fallback-Witz gesendet: Kommt ein Pferd in die Bar. Fragt der Barkeeper: '...
[2025-05-10 11:12:22] Nachricht: derleiti: üé≠ Was ist gr√ºn und steht vor der T√ºr? Ein Klopfsalat!
[2025-05-10 11:14:18] Nachricht: derleiti: üëÅÔ∏è In this scene of the Unknown game being played by our Twitch streamer, the camera is positioned in a dimly lit alleyway, with crates and barrels lining the walls. The graphics are incredibly detailed, with realistic textures on the surfaces that create an eerie atmosphere. The lighting is atmospheric, with deep shadows playing off the rough stone walls and flickering lanterns casting a warm glow on the characters' faces.
[2025-05-10 11:14:41] Sende an Ollama: Du bist ein Twitch-Bot namens zephyr. Der Streamer...
[2025-05-10 11:14:49] Antwort von Ollama erhalten: In this scene of the Unknown game being played by ...
[2025-05-10 11:14:49] Nachricht gesendet: üëÅÔ∏è In this scene of the Unknown game being played ...
[2025-05-10 11:14:49] Bildkommentar gesendet: In this scene of the Unknown game being played by ...
[2025-05-10 11:14:51] Sende an Ollama: Erz√§hle einen kurzen, lustigen Witz. Mach ihn beso...
